Using pre-set license
Built from '2022.3/staging' branch; Version is '2022.3.25f1 (530ae0ba3889) revision 5442272'; Using compiler version '192829333'; Build Type 'Release'
OS: 'Windows 11  (10.0.22631) 64bit Professional' Language: 'ko' Physical Memory: 65298 MB
BatchMode: 1, IsHumanControllingUs: 0, StartBugReporterOnCrash: 0, Is64bit: 1, IsPro: 1

COMMAND LINE ARGUMENTS:
C:\Program Files\Unity\Hub\Editor\2022.3.25f1\Editor\Unity.exe
-adb2
-batchMode
-noUpm
-name
AssetImportWorker14
-projectPath
C:/bsh/Network/Deeplication
-logFile
Logs/AssetImportWorker14.log
-srvPort
61059
Successfully changed project path to: C:/bsh/Network/Deeplication
C:/bsh/Network/Deeplication
[UnityMemory] Configuration Parameters - Can be set up in boot.config
    "memorysetup-bucket-allocator-granularity=16"
    "memorysetup-bucket-allocator-bucket-count=8"
    "memorysetup-bucket-allocator-block-size=33554432"
    "memorysetup-bucket-allocator-block-count=8"
    "memorysetup-main-allocator-block-size=16777216"
    "memorysetup-thread-allocator-block-size=16777216"
    "memorysetup-gfx-main-allocator-block-size=16777216"
    "memorysetup-gfx-thread-allocator-block-size=16777216"
    "memorysetup-cache-allocator-block-size=4194304"
    "memorysetup-typetree-allocator-block-size=2097152"
    "memorysetup-profiler-bucket-allocator-granularity=16"
    "memorysetup-profiler-bucket-allocator-bucket-count=8"
    "memorysetup-profiler-bucket-allocator-block-size=33554432"
    "memorysetup-profiler-bucket-allocator-block-count=8"
    "memorysetup-profiler-allocator-block-size=16777216"
    "memorysetup-profiler-editor-allocator-block-size=1048576"
    "memorysetup-temp-allocator-size-main=16777216"
    "memorysetup-job-temp-allocator-block-size=2097152"
    "memorysetup-job-temp-allocator-block-size-background=1048576"
    "memorysetup-job-temp-allocator-reduction-small-platforms=262144"
    "memorysetup-allocator-temp-initial-block-size-main=262144"
    "memorysetup-allocator-temp-initial-block-size-worker=262144"
    "memorysetup-temp-allocator-size-background-worker=32768"
    "memorysetup-temp-allocator-size-job-worker=262144"
    "memorysetup-temp-allocator-size-preload-manager=33554432"
    "memorysetup-temp-allocator-size-nav-mesh-worker=65536"
    "memorysetup-temp-allocator-size-audio-worker=65536"
    "memorysetup-temp-allocator-size-cloud-worker=32768"
    "memorysetup-temp-allocator-size-gi-baking-worker=262144"
    "memorysetup-temp-allocator-size-gfx=262144"
Player connection [75472] Host "[IP] 192.168.11.161 [Port] 0 [Flags] 2 [Guid] 1888848776 [EditorId] 1888848776 [Version] 1048832 [Id] WindowsEditor(7,DESKTOP-GKJ93P0) [Debug] 1 [PackageName] WindowsEditor [ProjectName] Editor" joined multi-casting on [225.0.0.222:54997]...

Player connection [75472] Host "[IP] 192.168.11.161 [Port] 0 [Flags] 2 [Guid] 1888848776 [EditorId] 1888848776 [Version] 1048832 [Id] WindowsEditor(7,DESKTOP-GKJ93P0) [Debug] 1 [PackageName] WindowsEditor [ProjectName] Editor" joined alternative multi-casting on [225.0.0.222:34997]...

[Physics::Module] Initialized MultithreadedJobDispatcher with 31 workers.
Refreshing native plugins compatible for Editor in 9.20 ms, found 3 plugins.
Preloading 0 native plugins for Editor in 0.00 ms.
Initialize engine version: 2022.3.25f1 (530ae0ba3889)
[Subsystems] Discovering subsystems at path C:/Program Files/Unity/Hub/Editor/2022.3.25f1/Editor/Data/Resources/UnitySubsystems
[Subsystems] Discovering subsystems at path C:/bsh/Network/Deeplication/Assets
GfxDevice: creating device client; threaded=0; jobified=0
Direct3D:
    Version:  Direct3D 11.0 [level 11.1]
    Renderer: NVIDIA GeForce RTX 4090 (ID=0x2684)
    Vendor:   NVIDIA
    VRAM:     24142 MB
    Driver:   31.0.15.5161
Initialize mono
Mono path[0] = 'C:/Program Files/Unity/Hub/Editor/2022.3.25f1/Editor/Data/Managed'
Mono path[1] = 'C:/Program Files/Unity/Hub/Editor/2022.3.25f1/Editor/Data/MonoBleedingEdge/lib/mono/unityjit-win32'
Mono config path = 'C:/Program Files/Unity/Hub/Editor/2022.3.25f1/Editor/Data/MonoBleedingEdge/etc'
Using monoOptions --debugger-agent=transport=dt_socket,embedding=1,server=y,suspend=n,address=127.0.0.1:56496
Begin MonoManager ReloadAssembly
Registering precompiled unity dll's ...
Register platform support module: C:/Program Files/Unity/Hub/Editor/2022.3.25f1/Editor/Data/PlaybackEngines/AndroidPlayer/UnityEditor.Android.Extensions.dll
Register platform support module: C:/Program Files/Unity/Hub/Editor/2022.3.25f1/Editor/Data/PlaybackEngines/WindowsStandaloneSupport/UnityEditor.WindowsStandalone.Extensions.dll
Registered in 0.006062 seconds.
- Loaded All Assemblies, in  0.236 seconds
Native extension for WindowsStandalone target not found
Native extension for Android target not found
Android Extension - Scanning For ADB Devices 238 ms
Mono: successfully reloaded assembly
- Finished resetting the current domain, in  0.461 seconds
Domain Reload Profiling: 695ms
	BeginReloadAssembly (83ms)
		ExecutionOrderSort (0ms)
		DisableScriptedObjects (0ms)
		BackupInstance (0ms)
		ReleaseScriptingObjects (0ms)
		CreateAndSetChildDomain (1ms)
	RebuildCommonClasses (20ms)
	RebuildNativeTypeToScriptingClass (6ms)
	initialDomainReloadingComplete (42ms)
	LoadAllAssembliesAndSetupDomain (84ms)
		LoadAssemblies (80ms)
		RebuildTransferFunctionScriptingTraits (0ms)
		AnalyzeDomain (82ms)
			TypeCache.Refresh (81ms)
				TypeCache.ScanAssembly (73ms)
			ScanForSourceGeneratedMonoScriptInfo (0ms)
			ResolveRequiredComponents (0ms)
	FinalizeReload (461ms)
		ReleaseScriptCaches (0ms)
		RebuildScriptCaches (0ms)
		SetupLoadedEditorAssemblies (426ms)
			LogAssemblyErrors (0ms)
			InitializePlatformSupportModulesInManaged (307ms)
			SetLoadedEditorAssemblies (3ms)
			RefreshPlugins (0ms)
			BeforeProcessingInitializeOnLoad (1ms)
			ProcessInitializeOnLoadAttributes (79ms)
			ProcessInitializeOnLoadMethodAttributes (35ms)
			AfterProcessingInitializeOnLoad (0ms)
			EditorAssembliesLoaded (0ms)
		ExecutionOrderSort2 (0ms)
		AwakeInstancesAfterBackupRestoration (0ms)
========================================================================
Worker process is ready to serve import requests
Begin MonoManager ReloadAssembly
- Loaded All Assemblies, in  0.351 seconds
Refreshing native plugins compatible for Editor in 9.23 ms, found 3 plugins.
Native extension for WindowsStandalone target not found
Native extension for Android target not found
Package Manager log level set to [2]
[Package Manager] Server::EnsureServerProcessIsRunning -- launch failed, reason: Unity was launched with the -noUpm command-line argument
[Package Manager] UpmClient::Send -- Unable to send message (not connected to UPM process).
[Package Manager] Cannot connect to Unity Package Manager local server
Mono: successfully reloaded assembly
- Finished resetting the current domain, in  0.376 seconds
Domain Reload Profiling: 726ms
	BeginReloadAssembly (90ms)
		ExecutionOrderSort (0ms)
		DisableScriptedObjects (3ms)
		BackupInstance (0ms)
		ReleaseScriptingObjects (0ms)
		CreateAndSetChildDomain (13ms)
	RebuildCommonClasses (19ms)
	RebuildNativeTypeToScriptingClass (6ms)
	initialDomainReloadingComplete (25ms)
	LoadAllAssembliesAndSetupDomain (210ms)
		LoadAssemblies (192ms)
		RebuildTransferFunctionScriptingTraits (0ms)
		AnalyzeDomain (73ms)
			TypeCache.Refresh (64ms)
				TypeCache.ScanAssembly (52ms)
			ScanForSourceGeneratedMonoScriptInfo (7ms)
			ResolveRequiredComponents (2ms)
	FinalizeReload (376ms)
		ReleaseScriptCaches (0ms)
		RebuildScriptCaches (0ms)
		SetupLoadedEditorAssemblies (282ms)
			LogAssemblyErrors (0ms)
			InitializePlatformSupportModulesInManaged (16ms)
			SetLoadedEditorAssemblies (2ms)
			RefreshPlugins (0ms)
			BeforeProcessingInitializeOnLoad (42ms)
			ProcessInitializeOnLoadAttributes (203ms)
			ProcessInitializeOnLoadMethodAttributes (13ms)
			AfterProcessingInitializeOnLoad (5ms)
			EditorAssembliesLoaded (0ms)
		ExecutionOrderSort2 (0ms)
		AwakeInstancesAfterBackupRestoration (7ms)
Launched and connected shader compiler UnityShaderCompiler.exe after 0.04 seconds
Refreshing native plugins compatible for Editor in 3.62 ms, found 3 plugins.
Preloading 0 native plugins for Editor in 0.00 ms.
Unloading 1578 Unused Serialized files (Serialized files now loaded: 0)
Unloading 33 unused Assets / (59.9 KB). Loaded Objects now: 2038.
Memory consumption went from 102.0 MB to 101.9 MB.
Total: 1.895900 ms (FindLiveObjects: 0.076700 ms CreateObjectMapping: 0.017600 ms MarkObjects: 1.730300 ms  DeleteObjects: 0.070400 ms)

AssetImportParameters requested are different than current active one (requested -> active):
  custom:video-encoder-webm-vp8: eb34c28f22e8b96e1ab97ce403110664 -> 
  custom:video-decoder-webm-vp8: 9c59270c3fd7afecdb556c50c9e8de78 -> 
  custom:audio-decoder-ogg-vorbis: bf7c407c2cedff20999df2af8eb42d56 -> 
  custom:scripting/monoscript/fileName/BGRemover.cs: e087a5bf7c69f405fbd04a84f293392d -> 
  custom:SearchIndexIgnoredProperties: e643bd26f0fe6173181afceb89e7c659 -> 
  custom:container-demuxer-ogg: 62fdf1f143b41e24485cea50d1cbac27 -> 
  custom:AudioImporter_EditorPlatform: d09bf68614088b80899f8185d706f6e7 -> 
  custom:CustomObjectIndexerAttribute: 9a22284fe3817be447336de3de66b15e -> 
  custom:container-demuxer-webm: 4f35f7cbe854078d1ac9338744f61a02 -> 
  custom:video-codec-MediaFoundation-h265: 746d11721c4dcdbdad8f713fa42b33f4 -> 
  custom:video-decoder-ogg-theora: a1e56fd34408186e4bbccfd4996cb3dc -> 
  custom:audio-encoder-webm-vorbis: bf7c407c2cedff20999df2af8eb42d56 -> 
  custom:framework-win-MediaFoundation: 216162199b28c13a410421893ffa2e32 -> 
  custom:scripting/monoscript/fileName/CameraCapture.cs: 806076a5ad77345e27c018ae2c21a790 -> 0459e621d5b25adef65d4cc41acce5e5
  custom:container-muxer-webm: aa71ff27fc2769a1b78a27578f13a17b -> 
========================================================================
Received Import Request.
  Time since last request: 24784.523655 seconds.
  path: Assets/UI button pack 2/Orange/1-orangeup.png
  artifactKey: Guid(1d951e1c6a632da408d00832753971e6) Importer(815301076,1909f56bfc062723c751e8b465ee728b)
Start importing Assets/UI button pack 2/Orange/1-orangeup.png using Guid(1d951e1c6a632da408d00832753971e6) Importer(815301076,1909f56bfc062723c751e8b465ee728b)  -> (artifact id: 'ea970c1786d6693e6e3834c6bd19d7f9') in 0.062547 seconds
Number of updated asset objects reloaded before import = 0
Number of asset objects unloaded after import = 3
========================================================================
Received Import Request.
  Time since last request: 0.026459 seconds.
  path: Assets/UI button pack 2/Red/2-RIGHT-RED.png
  artifactKey: Guid(29aa52fe2f4038b45a61133a1d07766b) Importer(815301076,1909f56bfc062723c751e8b465ee728b)
Start importing Assets/UI button pack 2/Red/2-RIGHT-RED.png using Guid(29aa52fe2f4038b45a61133a1d07766b) Importer(815301076,1909f56bfc062723c751e8b465ee728b)  -> (artifact id: '15efa8bb23c5c24392c8c11fcbd4ce74') in 0.015265 seconds
Number of updated asset objects reloaded before import = 0
Number of asset objects unloaded after import = 3
========================================================================
Received Import Request.
  Time since last request: 0.577576 seconds.
  path: Assets/UI button pack 2/Purple/8-P.png
  artifactKey: Guid(82965d1f6728c8342b0deb07a2777132) Importer(815301076,1909f56bfc062723c751e8b465ee728b)
Start importing Assets/UI button pack 2/Purple/8-P.png using Guid(82965d1f6728c8342b0deb07a2777132) Importer(815301076,1909f56bfc062723c751e8b465ee728b)  -> (artifact id: 'db2a4087b260355c64bbf29bdae8bdf9') in 0.015831 seconds
Number of updated asset objects reloaded before import = 0
Number of asset objects unloaded after import = 3
========================================================================
Received Import Request.
  Time since last request: 0.335890 seconds.
  path: Assets/UI button pack 2/Light Blue/52.png
  artifactKey: Guid(45229fe11dfca2a4d9da82a6e6e49f1d) Importer(815301076,1909f56bfc062723c751e8b465ee728b)
Start importing Assets/UI button pack 2/Light Blue/52.png using Guid(45229fe11dfca2a4d9da82a6e6e49f1d) Importer(815301076,1909f56bfc062723c751e8b465ee728b)  -> (artifact id: '06c50272c16225ff5e80944b218a5867') in 0.014699 seconds
Number of updated asset objects reloaded before import = 0
Number of asset objects unloaded after import = 3
========================================================================
Received Prepare
Begin MonoManager ReloadAssembly
- Loaded All Assemblies, in  0.358 seconds
Refreshing native plugins compatible for Editor in 8.09 ms, found 3 plugins.
Native extension for WindowsStandalone target not found
Native extension for Android target not found
[Package Manager] Server::EnsureServerProcessIsRunning -- launch failed, reason: Unity was launched with the -noUpm command-line argument
[Package Manager] UpmClient::Send -- Unable to send message (not connected to UPM process).
[Package Manager] Cannot connect to Unity Package Manager local server
Mono: successfully reloaded assembly
- Finished resetting the current domain, in  0.828 seconds
Domain Reload Profiling: 1182ms
	BeginReloadAssembly (119ms)
		ExecutionOrderSort (0ms)
		DisableScriptedObjects (3ms)
		BackupInstance (0ms)
		ReleaseScriptingObjects (0ms)
		CreateAndSetChildDomain (18ms)
	RebuildCommonClasses (25ms)
	RebuildNativeTypeToScriptingClass (6ms)
	initialDomainReloadingComplete (23ms)
	LoadAllAssembliesAndSetupDomain (181ms)
		LoadAssemblies (251ms)
		RebuildTransferFunctionScriptingTraits (0ms)
		AnalyzeDomain (5ms)
			TypeCache.Refresh (3ms)
				TypeCache.ScanAssembly (0ms)
			ScanForSourceGeneratedMonoScriptInfo (0ms)
			ResolveRequiredComponents (2ms)
	FinalizeReload (829ms)
		ReleaseScriptCaches (0ms)
		RebuildScriptCaches (0ms)
		SetupLoadedEditorAssemblies (310ms)
			LogAssemblyErrors (0ms)
			InitializePlatformSupportModulesInManaged (29ms)
			SetLoadedEditorAssemblies (2ms)
			RefreshPlugins (0ms)
			BeforeProcessingInitializeOnLoad (62ms)
			ProcessInitializeOnLoadAttributes (192ms)
			ProcessInitializeOnLoadMethodAttributes (15ms)
			AfterProcessingInitializeOnLoad (10ms)
			EditorAssembliesLoaded (0ms)
		ExecutionOrderSort2 (0ms)
		AwakeInstancesAfterBackupRestoration (7ms)
Refreshing native plugins compatible for Editor in 8.18 ms, found 3 plugins.
Preloading 0 native plugins for Editor in 0.00 ms.
Unloading 1557 Unused Serialized files (Serialized files now loaded: 0)
Unloading 27 unused Assets / (33.6 KB). Loaded Objects now: 2046.
Memory consumption went from 99.0 MB to 99.0 MB.
Total: 2.440600 ms (FindLiveObjects: 0.137200 ms CreateObjectMapping: 0.036700 ms MarkObjects: 2.236300 ms  DeleteObjects: 0.029600 ms)

Prepare: number of updated asset objects reloaded= 0
AssetImportParameters requested are different than current active one (requested -> active):
  custom:video-encoder-webm-vp8: eb34c28f22e8b96e1ab97ce403110664 -> 
  custom:video-decoder-webm-vp8: 9c59270c3fd7afecdb556c50c9e8de78 -> 
  custom:audio-decoder-ogg-vorbis: bf7c407c2cedff20999df2af8eb42d56 -> 
  custom:scripting/monoscript/fileName/BGRemover.cs: e087a5bf7c69f405fbd04a84f293392d -> 
  custom:SearchIndexIgnoredProperties: e643bd26f0fe6173181afceb89e7c659 -> 
  custom:container-demuxer-ogg: 62fdf1f143b41e24485cea50d1cbac27 -> 
  custom:AudioImporter_EditorPlatform: d09bf68614088b80899f8185d706f6e7 -> 
  custom:CustomObjectIndexerAttribute: 9a22284fe3817be447336de3de66b15e -> 
  custom:container-demuxer-webm: 4f35f7cbe854078d1ac9338744f61a02 -> 
  custom:video-codec-MediaFoundation-h265: 746d11721c4dcdbdad8f713fa42b33f4 -> 
  custom:video-decoder-ogg-theora: a1e56fd34408186e4bbccfd4996cb3dc -> 
  custom:audio-encoder-webm-vorbis: bf7c407c2cedff20999df2af8eb42d56 -> 
  custom:framework-win-MediaFoundation: 216162199b28c13a410421893ffa2e32 -> 
  custom:scripting/monoscript/fileName/CameraCapture.cs: 806076a5ad77345e27c018ae2c21a790 -> 0459e621d5b25adef65d4cc41acce5e5
  custom:container-muxer-webm: aa71ff27fc2769a1b78a27578f13a17b -> 
========================================================================
Received Import Request.
  Time since last request: 21.870693 seconds.
  path: Assets/UI button pack 2/Red/UP-RED.png
  artifactKey: Guid(bfef7cf9ae6c2b3479d3477e26eafe90) Importer(815301076,1909f56bfc062723c751e8b465ee728b)
Start importing Assets/UI button pack 2/Red/UP-RED.png using Guid(bfef7cf9ae6c2b3479d3477e26eafe90) Importer(815301076,1909f56bfc062723c751e8b465ee728b)  -> (artifact id: 'bee3e102d268e80014da9d3cd2805956') in 0.063284 seconds
Number of updated asset objects reloaded before import = 0
Number of asset objects unloaded after import = 3
========================================================================
Received Import Request.
  Time since last request: 1.910144 seconds.
  path: Assets/UI button pack 2/Voilet/unlock-purple.png
  artifactKey: Guid(044a505105f164342bd1de3fd9855bca) Importer(815301076,1909f56bfc062723c751e8b465ee728b)
Start importing Assets/UI button pack 2/Voilet/unlock-purple.png using Guid(044a505105f164342bd1de3fd9855bca) Importer(815301076,1909f56bfc062723c751e8b465ee728b)  -> (artifact id: '377420b468f262ecee8c41cf7150f97f') in 0.022815 seconds
Number of updated asset objects reloaded before import = 0
Number of asset objects unloaded after import = 3
========================================================================
Received Import Request.
  Time since last request: 0.000015 seconds.
  path: Assets/UI button pack 2/Pink/star-1.png
  artifactKey: Guid(a25457381274eed4b9ba4964af66b694) Importer(815301076,1909f56bfc062723c751e8b465ee728b)
Start importing Assets/UI button pack 2/Pink/star-1.png using Guid(a25457381274eed4b9ba4964af66b694) Importer(815301076,1909f56bfc062723c751e8b465ee728b)  -> (artifact id: '82e1c6225a9305e1f1ea728a6b0aa28e') in 0.013455 seconds
Number of updated asset objects reloaded before import = 0
Number of asset objects unloaded after import = 3
========================================================================
Received Import Request.
  Time since last request: 0.000011 seconds.
  path: Assets/UI button pack 2/Red/unlock-red.png
  artifactKey: Guid(265023f74805c6b44880dad0b60287d0) Importer(815301076,1909f56bfc062723c751e8b465ee728b)
Start importing Assets/UI button pack 2/Red/unlock-red.png using Guid(265023f74805c6b44880dad0b60287d0) Importer(815301076,1909f56bfc062723c751e8b465ee728b)  -> (artifact id: '75270fec0f7965daad9ce146e8695150') in 0.016802 seconds
Number of updated asset objects reloaded before import = 0
Number of asset objects unloaded after import = 3
========================================================================
Received Import Request.
  Time since last request: 0.000010 seconds.
  path: Assets/UI button pack 2/Light Blue/star-2.png
  artifactKey: Guid(856628468eb79b9478feb3a3a1adec3a) Importer(815301076,1909f56bfc062723c751e8b465ee728b)
Start importing Assets/UI button pack 2/Light Blue/star-2.png using Guid(856628468eb79b9478feb3a3a1adec3a) Importer(815301076,1909f56bfc062723c751e8b465ee728b)  -> (artifact id: '5cbf929c7b07b243b116e34ef12c807c') in 0.015979 seconds
Number of updated asset objects reloaded before import = 0
Number of asset objects unloaded after import = 3
========================================================================
Received Import Request.
  Time since last request: 0.000010 seconds.
  path: Assets/UI button pack 2/Orange/skip-orange.png
  artifactKey: Guid(78bda86c0e70d0b489ed115f053b4b0e) Importer(815301076,1909f56bfc062723c751e8b465ee728b)
Start importing Assets/UI button pack 2/Orange/skip-orange.png using Guid(78bda86c0e70d0b489ed115f053b4b0e) Importer(815301076,1909f56bfc062723c751e8b465ee728b)  -> (artifact id: 'a4c2236cc5fb187ce9433abaee36da4f') in 0.029169 seconds
Number of updated asset objects reloaded before import = 0
Number of asset objects unloaded after import = 3
========================================================================
Received Import Request.
  Time since last request: 0.012200 seconds.
  path: Assets/UI button pack 2/Olive green/SEND-10.png
  artifactKey: Guid(775fe09b1a9421e4ab844c72527faa93) Importer(815301076,1909f56bfc062723c751e8b465ee728b)
Start importing Assets/UI button pack 2/Olive green/SEND-10.png using Guid(775fe09b1a9421e4ab844c72527faa93) Importer(815301076,1909f56bfc062723c751e8b465ee728b)  -> (artifact id: '09ddc184539f194fe119ceb8b1fe76cf') in 0.014928 seconds
Number of updated asset objects reloaded before import = 0
Number of asset objects unloaded after import = 3
========================================================================
Received Import Request.
  Time since last request: 0.031387 seconds.
  path: Assets/UI button pack 2/Purple/round-pink.png
  artifactKey: Guid(b2b8caddb3142384ca04547f42a17d19) Importer(815301076,1909f56bfc062723c751e8b465ee728b)
Start importing Assets/UI button pack 2/Purple/round-pink.png using Guid(b2b8caddb3142384ca04547f42a17d19) Importer(815301076,1909f56bfc062723c751e8b465ee728b)  -> (artifact id: '1327d07999bb97b5ece31dfaf19aa464') in 0.018395 seconds
Number of updated asset objects reloaded before import = 0
Number of asset objects unloaded after import = 3
========================================================================
Received Import Request.
  Time since last request: 0.025858 seconds.
  path: Assets/UI button pack 2/Light Blue/right-2.png
  artifactKey: Guid(850181ce71dc2b0478e551f7c09efe93) Importer(815301076,1909f56bfc062723c751e8b465ee728b)
Start importing Assets/UI button pack 2/Light Blue/right-2.png using Guid(850181ce71dc2b0478e551f7c09efe93) Importer(815301076,1909f56bfc062723c751e8b465ee728b)  -> (artifact id: '783ee2c6b9c1bd17c18ffeddbc659e22') in 0.015555 seconds
Number of updated asset objects reloaded before import = 0
Number of asset objects unloaded after import = 3
========================================================================
Received Import Request.
  Time since last request: 0.030096 seconds.
  path: Assets/UI button pack 2/Blue/remove-members-blue.png
  artifactKey: Guid(4215515188584794f87322271e9ccc5c) Importer(815301076,1909f56bfc062723c751e8b465ee728b)
Start importing Assets/UI button pack 2/Blue/remove-members-blue.png using Guid(4215515188584794f87322271e9ccc5c) Importer(815301076,1909f56bfc062723c751e8b465ee728b)  -> (artifact id: '3d23d965fbf6a71591bbdda192080056') in 0.014949 seconds
Number of updated asset objects reloaded before import = 0
Number of asset objects unloaded after import = 3
========================================================================
Received Import Request.
  Time since last request: 0.494938 seconds.
  path: Assets/UI button pack 2/Light Blue/redeem-2.png
  artifactKey: Guid(8e043d40b4a47cf4ca19936138374787) Importer(815301076,1909f56bfc062723c751e8b465ee728b)
Start importing Assets/UI button pack 2/Light Blue/redeem-2.png using Guid(8e043d40b4a47cf4ca19936138374787) Importer(815301076,1909f56bfc062723c751e8b465ee728b)  -> (artifact id: '168b2d3b9f2cee47da8f4246b93c6672') in 0.019075 seconds
Number of updated asset objects reloaded before import = 0
Number of asset objects unloaded after import = 3
========================================================================
Received Import Request.
  Time since last request: 0.000012 seconds.
  path: Assets/UI button pack 2/Purple/rectangle.png
  artifactKey: Guid(b669acc4f05aae348aa5f1c07af2eac3) Importer(815301076,1909f56bfc062723c751e8b465ee728b)
Start importing Assets/UI button pack 2/Purple/rectangle.png using Guid(b669acc4f05aae348aa5f1c07af2eac3) Importer(815301076,1909f56bfc062723c751e8b465ee728b)  -> (artifact id: '52658c8ea7af25d353f75ba0a314a5c2') in 0.009995 seconds
Number of updated asset objects reloaded before import = 0
Number of asset objects unloaded after import = 3
========================================================================
Received Import Request.
  Time since last request: 0.063349 seconds.
  path: Assets/UI button pack 2/Voilet/pause-purple.png
  artifactKey: Guid(7404ff62c73dcba43b4de93dd5cd9e44) Importer(815301076,1909f56bfc062723c751e8b465ee728b)
Start importing Assets/UI button pack 2/Voilet/pause-purple.png using Guid(7404ff62c73dcba43b4de93dd5cd9e44) Importer(815301076,1909f56bfc062723c751e8b465ee728b)  -> (artifact id: '5ea332340336f8bb3b30683a61f1d3c0') in 0.014087 seconds
Number of updated asset objects reloaded before import = 0
Number of asset objects unloaded after import = 3
========================================================================
Received Import Request.
  Time since last request: 0.000016 seconds.
  path: Assets/UI button pack 2/Marron/Pause-red.png
  artifactKey: Guid(958f0ea562c04f8488e7ce607b08dd04) Importer(815301076,1909f56bfc062723c751e8b465ee728b)
Start importing Assets/UI button pack 2/Marron/Pause-red.png using Guid(958f0ea562c04f8488e7ce607b08dd04) Importer(815301076,1909f56bfc062723c751e8b465ee728b)  -> (artifact id: '1f827e51cb95db5efa515a1ded163d4f') in 0.013028 seconds
Number of updated asset objects reloaded before import = 0
Number of asset objects unloaded after import = 3
========================================================================
Received Import Request.
  Time since last request: 0.381391 seconds.
  path: Assets/UI button pack 2/Black/Ok-Black.png
  artifactKey: Guid(ba379b7aca48a9d479dcb21643ac87e7) Importer(815301076,1909f56bfc062723c751e8b465ee728b)
Start importing Assets/UI button pack 2/Black/Ok-Black.png using Guid(ba379b7aca48a9d479dcb21643ac87e7) Importer(815301076,1909f56bfc062723c751e8b465ee728b)  -> (artifact id: '9e202add88b095d4cff29793b4093188') in 0.015243 seconds
Number of updated asset objects reloaded before import = 0
Number of asset objects unloaded after import = 3
========================================================================
Received Import Request.
  Time since last request: 0.000017 seconds.
  path: Assets/UI button pack 2/Lime/OFFER-3.png
  artifactKey: Guid(1702c0fcaa43cdd4083ca2bc806d57b9) Importer(815301076,1909f56bfc062723c751e8b465ee728b)
Start importing Assets/UI button pack 2/Lime/OFFER-3.png using Guid(1702c0fcaa43cdd4083ca2bc806d57b9) Importer(815301076,1909f56bfc062723c751e8b465ee728b)  -> (artifact id: 'e55548cf63d4bc2fbf9d668c34831634') in 0.013559 seconds
Number of updated asset objects reloaded before import = 0
Number of asset objects unloaded after import = 3
========================================================================
Received Import Request.
  Time since last request: 0.061582 seconds.
  path: Assets/UI button pack 2/Light Blue/msuic-2.png
  artifactKey: Guid(be0c81b4ac079b24a812d34233c3aa13) Importer(815301076,1909f56bfc062723c751e8b465ee728b)
Start importing Assets/UI button pack 2/Light Blue/msuic-2.png using Guid(be0c81b4ac079b24a812d34233c3aa13) Importer(815301076,1909f56bfc062723c751e8b465ee728b)  -> (artifact id: '0494820529419d624f65d8e2a246dcac') in 0.016491 seconds
Number of updated asset objects reloaded before import = 0
Number of asset objects unloaded after import = 3
========================================================================
Received Import Request.
  Time since last request: 0.000062 seconds.
  path: Assets/UI button pack 2/brown/music-brown.png
  artifactKey: Guid(07f695be133fe744eb24d948be677fba) Importer(815301076,1909f56bfc062723c751e8b465ee728b)
Start importing Assets/UI button pack 2/brown/music-brown.png using Guid(07f695be133fe744eb24d948be677fba) Importer(815301076,1909f56bfc062723c751e8b465ee728b)  -> (artifact id: '579cb450134e2852335da49e006a6784') in 0.013862 seconds
Number of updated asset objects reloaded before import = 0
Number of asset objects unloaded after import = 3
========================================================================
Received Import Request.
  Time since last request: 0.330286 seconds.
  path: Assets/UI button pack 2/Red/menu-red.png
  artifactKey: Guid(e737ebfdedb1bd44386c4c81c4d72cda) Importer(815301076,1909f56bfc062723c751e8b465ee728b)
Start importing Assets/UI button pack 2/Red/menu-red.png using Guid(e737ebfdedb1bd44386c4c81c4d72cda) Importer(815301076,1909f56bfc062723c751e8b465ee728b)  -> (artifact id: 'f033ddc664a8806c7d1d6ed2b494e395') in 0.018087 seconds
Number of updated asset objects reloaded before import = 0
Number of asset objects unloaded after import = 3
========================================================================
Received Import Request.
  Time since last request: 0.000015 seconds.
  path: Assets/UI button pack 2/Voilet/MEDIUM-PURPLE.png
  artifactKey: Guid(ea895531a13e26644ba02417caf3ab37) Importer(815301076,1909f56bfc062723c751e8b465ee728b)
Start importing Assets/UI button pack 2/Voilet/MEDIUM-PURPLE.png using Guid(ea895531a13e26644ba02417caf3ab37) Importer(815301076,1909f56bfc062723c751e8b465ee728b)  -> (artifact id: 'abef2e170fd87d0b2c93823873ed50ec') in 0.015960 seconds
Number of updated asset objects reloaded before import = 0
Number of asset objects unloaded after import = 3
========================================================================
Received Import Request.
  Time since last request: 0.020502 seconds.
  path: Assets/UI button pack 2/Black/mAIL-BLACK.png
  artifactKey: Guid(8a31337196136dd45a97ddb751038502) Importer(815301076,1909f56bfc062723c751e8b465ee728b)
Start importing Assets/UI button pack 2/Black/mAIL-BLACK.png using Guid(8a31337196136dd45a97ddb751038502) Importer(815301076,1909f56bfc062723c751e8b465ee728b)  -> (artifact id: 'f042a9a97292c7d27a8eaac30346119e') in 0.014016 seconds
Number of updated asset objects reloaded before import = 0
Number of asset objects unloaded after import = 3
========================================================================
Received Import Request.
  Time since last request: 0.029546 seconds.
  path: Assets/UI button pack 2/Black/LOW-BLACK.png
  artifactKey: Guid(2237eb6eb99fbf346862724ef1fef061) Importer(815301076,1909f56bfc062723c751e8b465ee728b)
Start importing Assets/UI button pack 2/Black/LOW-BLACK.png using Guid(2237eb6eb99fbf346862724ef1fef061) Importer(815301076,1909f56bfc062723c751e8b465ee728b)  -> (artifact id: 'aad4e75e6156a1dca1c4a887be0af82c') in 0.013737 seconds
Number of updated asset objects reloaded before import = 0
Number of asset objects unloaded after import = 3
========================================================================
Received Import Request.
  Time since last request: 0.453731 seconds.
  path: Assets/UI button pack 2/Purple/location--11.png
  artifactKey: Guid(5449e29e6ddc7914eaff37bd3e3f48c0) Importer(815301076,1909f56bfc062723c751e8b465ee728b)
Start importing Assets/UI button pack 2/Purple/location--11.png using Guid(5449e29e6ddc7914eaff37bd3e3f48c0) Importer(815301076,1909f56bfc062723c751e8b465ee728b)  -> (artifact id: '76ba8310186fbbfa1c25b54a704f2102') in 0.017162 seconds
Number of updated asset objects reloaded before import = 0
Number of asset objects unloaded after import = 3
========================================================================
Received Import Request.
  Time since last request: 0.812817 seconds.
  path: Assets/UI button pack 2/Red/heart-red.png
  artifactKey: Guid(4b187dbebf9dbc240824140ca7a93ea0) Importer(815301076,1909f56bfc062723c751e8b465ee728b)
Start importing Assets/UI button pack 2/Red/heart-red.png using Guid(4b187dbebf9dbc240824140ca7a93ea0) Importer(815301076,1909f56bfc062723c751e8b465ee728b)  -> (artifact id: '33c3a218045cd5354efced4212cfbd86') in 0.014696 seconds
Number of updated asset objects reloaded before import = 0
Number of asset objects unloaded after import = 3
========================================================================
Received Import Request.
  Time since last request: 18.561877 seconds.
  path: Assets/UI button pack 2/brown/PLUS-BROWN.png
  artifactKey: Guid(a48b01de772e80c4aa51b7cf6cefe0ff) Importer(815301076,1909f56bfc062723c751e8b465ee728b)
Start importing Assets/UI button pack 2/brown/PLUS-BROWN.png using Guid(a48b01de772e80c4aa51b7cf6cefe0ff) Importer(815301076,1909f56bfc062723c751e8b465ee728b)  -> (artifact id: '28c973b01aefbbe3b449409e4b675dc9') in 0.016881 seconds
Number of updated asset objects reloaded before import = 0
Number of asset objects unloaded after import = 3
========================================================================
Received Import Request.
  Time since last request: 0.852790 seconds.
  path: Assets/UI button pack 2/Black/Retry-Black.png
  artifactKey: Guid(4a5f5c706787b7140b77f44c799a5e6a) Importer(815301076,1909f56bfc062723c751e8b465ee728b)
Start importing Assets/UI button pack 2/Black/Retry-Black.png using Guid(4a5f5c706787b7140b77f44c799a5e6a) Importer(815301076,1909f56bfc062723c751e8b465ee728b)  -> (artifact id: 'eda7825aa6af303a304821a3744962e3') in 0.016833 seconds
Number of updated asset objects reloaded before import = 0
Number of asset objects unloaded after import = 3
========================================================================
Received Import Request.
  Time since last request: 2.208182 seconds.
  path: Assets/UI button pack 2/Voilet/SEND-2.png
  artifactKey: Guid(f2ff8b837a489c24b9a7fc4092d59d18) Importer(815301076,1909f56bfc062723c751e8b465ee728b)
Start importing Assets/UI button pack 2/Voilet/SEND-2.png using Guid(f2ff8b837a489c24b9a7fc4092d59d18) Importer(815301076,1909f56bfc062723c751e8b465ee728b)  -> (artifact id: 'a51f824db6f40865a4a20dda5b2500d4') in 0.015336 seconds
Number of updated asset objects reloaded before import = 0
Number of asset objects unloaded after import = 3
========================================================================
Received Import Request.
  Time since last request: 12.021980 seconds.
  path: Assets/UI button pack 2/Black/Upgrade-Black.png
  artifactKey: Guid(e050bdea94a5af848a5c06aad2551ff3) Importer(815301076,1909f56bfc062723c751e8b465ee728b)
Start importing Assets/UI button pack 2/Black/Upgrade-Black.png using Guid(e050bdea94a5af848a5c06aad2551ff3) Importer(815301076,1909f56bfc062723c751e8b465ee728b)  -> (artifact id: 'da900d2d320a053a03a0de5ef045d396') in 0.019998 seconds
Number of updated asset objects reloaded before import = 0
Number of asset objects unloaded after import = 3
========================================================================
Received Import Request.
  Time since last request: 0.000012 seconds.
  path: Assets/UI button pack 2/Voilet/upgrade-purple.png
  artifactKey: Guid(b16fe9b6567beee4c80c60eb26d9cac6) Importer(815301076,1909f56bfc062723c751e8b465ee728b)
Start importing Assets/UI button pack 2/Voilet/upgrade-purple.png using Guid(b16fe9b6567beee4c80c60eb26d9cac6) Importer(815301076,1909f56bfc062723c751e8b465ee728b)  -> (artifact id: '9810ac72ba5e9f441081120e893910ee') in 0.014420 seconds
Number of updated asset objects reloaded before import = 0
Number of asset objects unloaded after import = 3
========================================================================
Received Import Request.
  Time since last request: 0.060157 seconds.
  path: Assets/UI button pack 2/brown/ZOOM IN BROWN.png
  artifactKey: Guid(7d24bb4674cd3da40b0266b33a8eb72a) Importer(815301076,1909f56bfc062723c751e8b465ee728b)
Start importing Assets/UI button pack 2/brown/ZOOM IN BROWN.png using Guid(7d24bb4674cd3da40b0266b33a8eb72a) Importer(815301076,1909f56bfc062723c751e8b465ee728b)  -> (artifact id: '410b54ff81244723ad4f8efaaad97fe4') in 0.018029 seconds
Number of updated asset objects reloaded before import = 0
Number of asset objects unloaded after import = 3
========================================================================
Received Import Request.
  Time since last request: 0.000015 seconds.
  path: Assets/UI button pack 2/Olive green/ZOOM-IN-GREEN.png
  artifactKey: Guid(7b7aa92c3952fde4d9a19a521fd9db01) Importer(815301076,1909f56bfc062723c751e8b465ee728b)
Start importing Assets/UI button pack 2/Olive green/ZOOM-IN-GREEN.png using Guid(7b7aa92c3952fde4d9a19a521fd9db01) Importer(815301076,1909f56bfc062723c751e8b465ee728b)  -> (artifact id: 'adaee8f23e6487f4fbc302e82d9deac0') in 0.012748 seconds
Number of updated asset objects reloaded before import = 0
Number of asset objects unloaded after import = 3
========================================================================
Received Prepare
Begin MonoManager ReloadAssembly
- Loaded All Assemblies, in  0.454 seconds
Refreshing native plugins compatible for Editor in 10.06 ms, found 3 plugins.
Native extension for WindowsStandalone target not found
Native extension for Android target not found
[Package Manager] Server::EnsureServerProcessIsRunning -- launch failed, reason: Unity was launched with the -noUpm command-line argument
[Package Manager] UpmClient::Send -- Unable to send message (not connected to UPM process).
[Package Manager] Cannot connect to Unity Package Manager local server
Mono: successfully reloaded assembly
- Finished resetting the current domain, in  0.817 seconds
Domain Reload Profiling: 1253ms
	BeginReloadAssembly (155ms)
		ExecutionOrderSort (0ms)
		DisableScriptedObjects (4ms)
		BackupInstance (0ms)
		ReleaseScriptingObjects (0ms)
		CreateAndSetChildDomain (18ms)
	RebuildCommonClasses (20ms)
	RebuildNativeTypeToScriptingClass (7ms)
	initialDomainReloadingComplete (41ms)
	LoadAllAssembliesAndSetupDomain (213ms)
		LoadAssemblies (308ms)
		RebuildTransferFunctionScriptingTraits (0ms)
		AnalyzeDomain (6ms)
			TypeCache.Refresh (3ms)
				TypeCache.ScanAssembly (0ms)
			ScanForSourceGeneratedMonoScriptInfo (0ms)
			ResolveRequiredComponents (2ms)
	FinalizeReload (817ms)
		ReleaseScriptCaches (0ms)
		RebuildScriptCaches (0ms)
		SetupLoadedEditorAssemblies (281ms)
			LogAssemblyErrors (0ms)
			InitializePlatformSupportModulesInManaged (16ms)
			SetLoadedEditorAssemblies (2ms)
			RefreshPlugins (0ms)
			BeforeProcessingInitializeOnLoad (46ms)
			ProcessInitializeOnLoadAttributes (193ms)
			ProcessInitializeOnLoadMethodAttributes (15ms)
			AfterProcessingInitializeOnLoad (9ms)
			EditorAssembliesLoaded (0ms)
		ExecutionOrderSort2 (0ms)
		AwakeInstancesAfterBackupRestoration (9ms)
Refreshing native plugins compatible for Editor in 6.61 ms, found 3 plugins.
Preloading 0 native plugins for Editor in 0.00 ms.
Unloading 1557 Unused Serialized files (Serialized files now loaded: 0)
Unloading 27 unused Assets / (33.6 KB). Loaded Objects now: 2051.
Memory consumption went from 101.0 MB to 101.0 MB.
Total: 1.607400 ms (FindLiveObjects: 0.071100 ms CreateObjectMapping: 0.018500 ms MarkObjects: 1.484600 ms  DeleteObjects: 0.032500 ms)

Prepare: number of updated asset objects reloaded= 0
AssetImportParameters requested are different than current active one (requested -> active):
  custom:video-encoder-webm-vp8: eb34c28f22e8b96e1ab97ce403110664 -> 
  custom:video-decoder-webm-vp8: 9c59270c3fd7afecdb556c50c9e8de78 -> 
  custom:audio-decoder-ogg-vorbis: bf7c407c2cedff20999df2af8eb42d56 -> 
  custom:scripting/monoscript/fileName/BGRemover.cs: e087a5bf7c69f405fbd04a84f293392d -> 
  custom:SearchIndexIgnoredProperties: e643bd26f0fe6173181afceb89e7c659 -> 
  custom:container-demuxer-ogg: 62fdf1f143b41e24485cea50d1cbac27 -> 
  custom:AudioImporter_EditorPlatform: d09bf68614088b80899f8185d706f6e7 -> 
  custom:CustomObjectIndexerAttribute: 9a22284fe3817be447336de3de66b15e -> 
  custom:container-demuxer-webm: 4f35f7cbe854078d1ac9338744f61a02 -> 
  custom:video-codec-MediaFoundation-h265: 746d11721c4dcdbdad8f713fa42b33f4 -> 
  custom:video-decoder-ogg-theora: a1e56fd34408186e4bbccfd4996cb3dc -> 
  custom:audio-encoder-webm-vorbis: bf7c407c2cedff20999df2af8eb42d56 -> 
  custom:framework-win-MediaFoundation: 216162199b28c13a410421893ffa2e32 -> 
  custom:scripting/monoscript/fileName/CameraCapture.cs: 806076a5ad77345e27c018ae2c21a790 -> 0459e621d5b25adef65d4cc41acce5e5
  custom:container-muxer-webm: aa71ff27fc2769a1b78a27578f13a17b -> 
========================================================================
Received Prepare
Begin MonoManager ReloadAssembly
- Loaded All Assemblies, in  0.433 seconds
Refreshing native plugins compatible for Editor in 11.34 ms, found 3 plugins.
Native extension for WindowsStandalone target not found
Native extension for Android target not found
[Package Manager] Server::EnsureServerProcessIsRunning -- launch failed, reason: Unity was launched with the -noUpm command-line argument
[Package Manager] UpmClient::Send -- Unable to send message (not connected to UPM process).
[Package Manager] Cannot connect to Unity Package Manager local server
Mono: successfully reloaded assembly
- Finished resetting the current domain, in  0.806 seconds
Domain Reload Profiling: 1226ms
	BeginReloadAssembly (162ms)
		ExecutionOrderSort (0ms)
		DisableScriptedObjects (3ms)
		BackupInstance (0ms)
		ReleaseScriptingObjects (0ms)
		CreateAndSetChildDomain (20ms)
	RebuildCommonClasses (19ms)
	RebuildNativeTypeToScriptingClass (8ms)
	initialDomainReloadingComplete (30ms)
	LoadAllAssembliesAndSetupDomain (201ms)
		LoadAssemblies (296ms)
		RebuildTransferFunctionScriptingTraits (0ms)
		AnalyzeDomain (11ms)
			TypeCache.Refresh (5ms)
				TypeCache.ScanAssembly (0ms)
			ScanForSourceGeneratedMonoScriptInfo (4ms)
			ResolveRequiredComponents (1ms)
	FinalizeReload (806ms)
		ReleaseScriptCaches (0ms)
		RebuildScriptCaches (0ms)
		SetupLoadedEditorAssemblies (277ms)
			LogAssemblyErrors (0ms)
			InitializePlatformSupportModulesInManaged (15ms)
			SetLoadedEditorAssemblies (2ms)
			RefreshPlugins (0ms)
			BeforeProcessingInitializeOnLoad (50ms)
			ProcessInitializeOnLoadAttributes (187ms)
			ProcessInitializeOnLoadMethodAttributes (12ms)
			AfterProcessingInitializeOnLoad (10ms)
			EditorAssembliesLoaded (0ms)
		ExecutionOrderSort2 (0ms)
		AwakeInstancesAfterBackupRestoration (7ms)
Refreshing native plugins compatible for Editor in 12.92 ms, found 3 plugins.
Preloading 0 native plugins for Editor in 0.00 ms.
Unloading 1558 Unused Serialized files (Serialized files now loaded: 0)
Unloading 27 unused Assets / (33.8 KB). Loaded Objects now: 2054.
Memory consumption went from 103.2 MB to 103.2 MB.
Total: 2.635600 ms (FindLiveObjects: 0.129700 ms CreateObjectMapping: 0.035400 ms MarkObjects: 2.435000 ms  DeleteObjects: 0.034700 ms)

Prepare: number of updated asset objects reloaded= 0
AssetImportParameters requested are different than current active one (requested -> active):
  custom:video-encoder-webm-vp8: eb34c28f22e8b96e1ab97ce403110664 -> 
  custom:video-decoder-webm-vp8: 9c59270c3fd7afecdb556c50c9e8de78 -> 
  custom:audio-decoder-ogg-vorbis: bf7c407c2cedff20999df2af8eb42d56 -> 
  custom:scripting/monoscript/fileName/BGRemover.cs: e087a5bf7c69f405fbd04a84f293392d -> 
  custom:SearchIndexIgnoredProperties: e643bd26f0fe6173181afceb89e7c659 -> 
  custom:container-demuxer-ogg: 62fdf1f143b41e24485cea50d1cbac27 -> 
  custom:AudioImporter_EditorPlatform: d09bf68614088b80899f8185d706f6e7 -> 
  custom:CustomObjectIndexerAttribute: 9a22284fe3817be447336de3de66b15e -> 
  custom:container-demuxer-webm: 4f35f7cbe854078d1ac9338744f61a02 -> 
  custom:video-codec-MediaFoundation-h265: 746d11721c4dcdbdad8f713fa42b33f4 -> 
  custom:video-decoder-ogg-theora: a1e56fd34408186e4bbccfd4996cb3dc -> 
  custom:audio-encoder-webm-vorbis: bf7c407c2cedff20999df2af8eb42d56 -> 
  custom:framework-win-MediaFoundation: 216162199b28c13a410421893ffa2e32 -> 
  custom:scripting/monoscript/fileName/CameraCapture.cs: 806076a5ad77345e27c018ae2c21a790 -> 0459e621d5b25adef65d4cc41acce5e5
  custom:container-muxer-webm: aa71ff27fc2769a1b78a27578f13a17b -> 
Editor requested this worker to shutdown with reason: Scaling down because of idle timeout
TcpMessagingSession - receive error: operation aborted. errorcode: 995, details: 스레드 종료 또는 응용 프로그램 요청 때문에 I/O 작업이 취소되었습니다.
AssetImportWorker is now disconnected from the server
Process exiting
Exiting without the bug reporter. Application will terminate with return code 0