Using pre-set license
Built from '2022.3/staging' branch; Version is '2022.3.25f1 (530ae0ba3889) revision 5442272'; Using compiler version '192829333'; Build Type 'Release'
OS: 'Windows 11  (10.0.22631) 64bit Professional' Language: 'ko' Physical Memory: 65298 MB
BatchMode: 1, IsHumanControllingUs: 0, StartBugReporterOnCrash: 0, Is64bit: 1, IsPro: 1

COMMAND LINE ARGUMENTS:
C:\Program Files\Unity\Hub\Editor\2022.3.25f1\Editor\Unity.exe
-adb2
-batchMode
-noUpm
-name
AssetImportWorker2
-projectPath
C:/bsh/Network/Deeplication
-logFile
Logs/AssetImportWorker2.log
-srvPort
61059
Successfully changed project path to: C:/bsh/Network/Deeplication
C:/bsh/Network/Deeplication
[UnityMemory] Configuration Parameters - Can be set up in boot.config
    "memorysetup-bucket-allocator-granularity=16"
    "memorysetup-bucket-allocator-bucket-count=8"
    "memorysetup-bucket-allocator-block-size=33554432"
    "memorysetup-bucket-allocator-block-count=8"
    "memorysetup-main-allocator-block-size=16777216"
    "memorysetup-thread-allocator-block-size=16777216"
    "memorysetup-gfx-main-allocator-block-size=16777216"
    "memorysetup-gfx-thread-allocator-block-size=16777216"
    "memorysetup-cache-allocator-block-size=4194304"
    "memorysetup-typetree-allocator-block-size=2097152"
    "memorysetup-profiler-bucket-allocator-granularity=16"
    "memorysetup-profiler-bucket-allocator-bucket-count=8"
    "memorysetup-profiler-bucket-allocator-block-size=33554432"
    "memorysetup-profiler-bucket-allocator-block-count=8"
    "memorysetup-profiler-allocator-block-size=16777216"
    "memorysetup-profiler-editor-allocator-block-size=1048576"
    "memorysetup-temp-allocator-size-main=16777216"
    "memorysetup-job-temp-allocator-block-size=2097152"
    "memorysetup-job-temp-allocator-block-size-background=1048576"
    "memorysetup-job-temp-allocator-reduction-small-platforms=262144"
    "memorysetup-allocator-temp-initial-block-size-main=262144"
    "memorysetup-allocator-temp-initial-block-size-worker=262144"
    "memorysetup-temp-allocator-size-background-worker=32768"
    "memorysetup-temp-allocator-size-job-worker=262144"
    "memorysetup-temp-allocator-size-preload-manager=33554432"
    "memorysetup-temp-allocator-size-nav-mesh-worker=65536"
    "memorysetup-temp-allocator-size-audio-worker=65536"
    "memorysetup-temp-allocator-size-cloud-worker=32768"
    "memorysetup-temp-allocator-size-gi-baking-worker=262144"
    "memorysetup-temp-allocator-size-gfx=262144"
Player connection [64440] Host "[IP] 192.168.11.161 [Port] 0 [Flags] 2 [Guid] 2525858379 [EditorId] 2525858379 [Version] 1048832 [Id] WindowsEditor(7,DESKTOP-GKJ93P0) [Debug] 1 [PackageName] WindowsEditor [ProjectName] Editor" joined multi-casting on [225.0.0.222:54997]...

Player connection [64440] Host "[IP] 192.168.11.161 [Port] 0 [Flags] 2 [Guid] 2525858379 [EditorId] 2525858379 [Version] 1048832 [Id] WindowsEditor(7,DESKTOP-GKJ93P0) [Debug] 1 [PackageName] WindowsEditor [ProjectName] Editor" joined alternative multi-casting on [225.0.0.222:34997]...

[Physics::Module] Initialized MultithreadedJobDispatcher with 31 workers.
Refreshing native plugins compatible for Editor in 19.95 ms, found 3 plugins.
Preloading 0 native plugins for Editor in 0.00 ms.
Initialize engine version: 2022.3.25f1 (530ae0ba3889)
[Subsystems] Discovering subsystems at path C:/Program Files/Unity/Hub/Editor/2022.3.25f1/Editor/Data/Resources/UnitySubsystems
[Subsystems] Discovering subsystems at path C:/bsh/Network/Deeplication/Assets
GfxDevice: creating device client; threaded=0; jobified=0
Direct3D:
    Version:  Direct3D 11.0 [level 11.1]
    Renderer: NVIDIA GeForce RTX 4090 (ID=0x2684)
    Vendor:   NVIDIA
    VRAM:     24142 MB
    Driver:   31.0.15.5161
Initialize mono
Mono path[0] = 'C:/Program Files/Unity/Hub/Editor/2022.3.25f1/Editor/Data/Managed'
Mono path[1] = 'C:/Program Files/Unity/Hub/Editor/2022.3.25f1/Editor/Data/MonoBleedingEdge/lib/mono/unityjit-win32'
Mono config path = 'C:/Program Files/Unity/Hub/Editor/2022.3.25f1/Editor/Data/MonoBleedingEdge/etc'
Using monoOptions --debugger-agent=transport=dt_socket,embedding=1,server=y,suspend=n,address=127.0.0.1:56444
Begin MonoManager ReloadAssembly
Registering precompiled unity dll's ...
Register platform support module: C:/Program Files/Unity/Hub/Editor/2022.3.25f1/Editor/Data/PlaybackEngines/AndroidPlayer/UnityEditor.Android.Extensions.dll
Register platform support module: C:/Program Files/Unity/Hub/Editor/2022.3.25f1/Editor/Data/PlaybackEngines/WindowsStandaloneSupport/UnityEditor.WindowsStandalone.Extensions.dll
Registered in 0.008955 seconds.
- Loaded All Assemblies, in  0.309 seconds
Native extension for WindowsStandalone target not found
Native extension for Android target not found
Android Extension - Scanning For ADB Devices 324 ms
Mono: successfully reloaded assembly
- Finished resetting the current domain, in  0.544 seconds
Domain Reload Profiling: 849ms
	BeginReloadAssembly (124ms)
		ExecutionOrderSort (0ms)
		DisableScriptedObjects (0ms)
		BackupInstance (0ms)
		ReleaseScriptingObjects (0ms)
		CreateAndSetChildDomain (0ms)
	RebuildCommonClasses (21ms)
	RebuildNativeTypeToScriptingClass (6ms)
	initialDomainReloadingComplete (61ms)
	LoadAllAssembliesAndSetupDomain (93ms)
		LoadAssemblies (118ms)
		RebuildTransferFunctionScriptingTraits (0ms)
		AnalyzeDomain (92ms)
			TypeCache.Refresh (91ms)
				TypeCache.ScanAssembly (83ms)
			ScanForSourceGeneratedMonoScriptInfo (0ms)
			ResolveRequiredComponents (0ms)
	FinalizeReload (544ms)
		ReleaseScriptCaches (0ms)
		RebuildScriptCaches (0ms)
		SetupLoadedEditorAssemblies (509ms)
			LogAssemblyErrors (0ms)
			InitializePlatformSupportModulesInManaged (399ms)
			SetLoadedEditorAssemblies (3ms)
			RefreshPlugins (0ms)
			BeforeProcessingInitializeOnLoad (1ms)
			ProcessInitializeOnLoadAttributes (72ms)
			ProcessInitializeOnLoadMethodAttributes (34ms)
			AfterProcessingInitializeOnLoad (0ms)
			EditorAssembliesLoaded (0ms)
		ExecutionOrderSort2 (0ms)
		AwakeInstancesAfterBackupRestoration (0ms)
========================================================================
Worker process is ready to serve import requests
Begin MonoManager ReloadAssembly
- Loaded All Assemblies, in  0.522 seconds
Refreshing native plugins compatible for Editor in 10.66 ms, found 3 plugins.
Native extension for WindowsStandalone target not found
Native extension for Android target not found
Package Manager log level set to [2]
[Package Manager] Server::EnsureServerProcessIsRunning -- launch failed, reason: Unity was launched with the -noUpm command-line argument
[Package Manager] UpmClient::Send -- Unable to send message (not connected to UPM process).
[Package Manager] Cannot connect to Unity Package Manager local server
Mono: successfully reloaded assembly
- Finished resetting the current domain, in  0.432 seconds
Domain Reload Profiling: 943ms
	BeginReloadAssembly (146ms)
		ExecutionOrderSort (0ms)
		DisableScriptedObjects (3ms)
		BackupInstance (0ms)
		ReleaseScriptingObjects (0ms)
		CreateAndSetChildDomain (14ms)
	RebuildCommonClasses (23ms)
	RebuildNativeTypeToScriptingClass (6ms)
	initialDomainReloadingComplete (44ms)
	LoadAllAssembliesAndSetupDomain (291ms)
		LoadAssemblies (314ms)
		RebuildTransferFunctionScriptingTraits (0ms)
		AnalyzeDomain (79ms)
			TypeCache.Refresh (71ms)
				TypeCache.ScanAssembly (58ms)
			ScanForSourceGeneratedMonoScriptInfo (6ms)
			ResolveRequiredComponents (2ms)
	FinalizeReload (432ms)
		ReleaseScriptCaches (0ms)
		RebuildScriptCaches (0ms)
		SetupLoadedEditorAssemblies (330ms)
			LogAssemblyErrors (0ms)
			InitializePlatformSupportModulesInManaged (21ms)
			SetLoadedEditorAssemblies (3ms)
			RefreshPlugins (0ms)
			BeforeProcessingInitializeOnLoad (55ms)
			ProcessInitializeOnLoadAttributes (224ms)
			ProcessInitializeOnLoadMethodAttributes (17ms)
			AfterProcessingInitializeOnLoad (9ms)
			EditorAssembliesLoaded (0ms)
		ExecutionOrderSort2 (0ms)
		AwakeInstancesAfterBackupRestoration (7ms)
Launched and connected shader compiler UnityShaderCompiler.exe after 0.05 seconds
Refreshing native plugins compatible for Editor in 14.26 ms, found 3 plugins.
Preloading 0 native plugins for Editor in 0.00 ms.
Unloading 1565 Unused Serialized files (Serialized files now loaded: 0)
Unloading 33 unused Assets / (59.7 KB). Loaded Objects now: 2025.
Memory consumption went from 97.9 MB to 97.8 MB.
Total: 2.367100 ms (FindLiveObjects: 0.128200 ms CreateObjectMapping: 0.041300 ms MarkObjects: 2.087300 ms  DeleteObjects: 0.109100 ms)

AssetImportParameters requested are different than current active one (requested -> active):
  custom:video-encoder-webm-vp8: eb34c28f22e8b96e1ab97ce403110664 -> 
  custom:video-decoder-webm-vp8: 9c59270c3fd7afecdb556c50c9e8de78 -> 
  custom:audio-decoder-ogg-vorbis: bf7c407c2cedff20999df2af8eb42d56 -> 
  custom:scripting/monoscript/fileName/BGRemover.cs: e087a5bf7c69f405fbd04a84f293392d -> 
  custom:SearchIndexIgnoredProperties: e643bd26f0fe6173181afceb89e7c659 -> 
  custom:container-demuxer-ogg: 62fdf1f143b41e24485cea50d1cbac27 -> 
  custom:AudioImporter_EditorPlatform: d09bf68614088b80899f8185d706f6e7 -> 
  custom:CustomObjectIndexerAttribute: 9a22284fe3817be447336de3de66b15e -> 
  custom:container-demuxer-webm: 4f35f7cbe854078d1ac9338744f61a02 -> 
  custom:video-codec-MediaFoundation-h265: 746d11721c4dcdbdad8f713fa42b33f4 -> 
  custom:video-decoder-ogg-theora: a1e56fd34408186e4bbccfd4996cb3dc -> 
  custom:audio-encoder-webm-vorbis: bf7c407c2cedff20999df2af8eb42d56 -> 
  custom:framework-win-MediaFoundation: 216162199b28c13a410421893ffa2e32 -> 
  custom:container-muxer-webm: aa71ff27fc2769a1b78a27578f13a17b -> 
========================================================================
Received Import Request.
  Time since last request: 19465.089339 seconds.
  path: Assets/UI button pack 2/brown/2-brown.png
  artifactKey: Guid(cf130f966213dd343842fdb4752c9b34) Importer(2089858483,0ecaa5967403d082aa24f35e1b516d23)
Start importing Assets/UI button pack 2/brown/2-brown.png using Guid(cf130f966213dd343842fdb4752c9b34) Importer(2089858483,0ecaa5967403d082aa24f35e1b516d23)  -> (artifact id: 'c798709e10760d447efc21d94c4becc3') in 0.133888 seconds
Number of updated asset objects reloaded before import = 0
Number of asset objects unloaded after import = 3
========================================================================
Received Import Request.
  Time since last request: 0.000018 seconds.
  path: Assets/UI button pack 2/brown/ZOOM IN BROWN.png
  artifactKey: Guid(7d24bb4674cd3da40b0266b33a8eb72a) Importer(2089858483,0ecaa5967403d082aa24f35e1b516d23)
Start importing Assets/UI button pack 2/brown/ZOOM IN BROWN.png using Guid(7d24bb4674cd3da40b0266b33a8eb72a) Importer(2089858483,0ecaa5967403d082aa24f35e1b516d23)  -> (artifact id: '9966a72133c1729707e2f735cb6c25ee') in 0.025454 seconds
Number of updated asset objects reloaded before import = 0
Number of asset objects unloaded after import = 3
========================================================================
Received Import Request.
  Time since last request: 0.000011 seconds.
  path: Assets/UI button pack 2/Light Blue/2-riight-2.png
  artifactKey: Guid(7c157e968881062469ea03d3458a5448) Importer(2089858483,0ecaa5967403d082aa24f35e1b516d23)
Start importing Assets/UI button pack 2/Light Blue/2-riight-2.png using Guid(7c157e968881062469ea03d3458a5448) Importer(2089858483,0ecaa5967403d082aa24f35e1b516d23)  -> (artifact id: 'ae971724b08c53ff04f8bafee56717c0') in 0.023496 seconds
Number of updated asset objects reloaded before import = 0
Number of asset objects unloaded after import = 3
========================================================================
Received Import Request.
  Time since last request: 0.000011 seconds.
  path: Assets/UI button pack 2/brown/pin-brown.png
  artifactKey: Guid(8332902822ec09e4db7febf8e8ebf2e5) Importer(2089858483,0ecaa5967403d082aa24f35e1b516d23)
Start importing Assets/UI button pack 2/brown/pin-brown.png using Guid(8332902822ec09e4db7febf8e8ebf2e5) Importer(2089858483,0ecaa5967403d082aa24f35e1b516d23)  -> (artifact id: '2f309deb87b560b211ac7654ad77ed35') in 0.024593 seconds
Number of updated asset objects reloaded before import = 0
Number of asset objects unloaded after import = 3
========================================================================
Received Import Request.
  Time since last request: 0.000012 seconds.
  path: Assets/UI button pack 2/brown/REWARD-BROWN.png
  artifactKey: Guid(683f8b0fae855f842918a1fa43ffbfdd) Importer(2089858483,0ecaa5967403d082aa24f35e1b516d23)
Start importing Assets/UI button pack 2/brown/REWARD-BROWN.png using Guid(683f8b0fae855f842918a1fa43ffbfdd) Importer(2089858483,0ecaa5967403d082aa24f35e1b516d23)  -> (artifact id: 'd5f1b28d40551d65ab9599ad26fddabf') in 0.023742 seconds
Number of updated asset objects reloaded before import = 0
Number of asset objects unloaded after import = 3
========================================================================
Received Import Request.
  Time since last request: 0.000023 seconds.
  path: Assets/UI button pack 2/Light Blue/hint-2.png
  artifactKey: Guid(7b70aeb786b165c4190e090c06f96afb) Importer(2089858483,0ecaa5967403d082aa24f35e1b516d23)
Start importing Assets/UI button pack 2/Light Blue/hint-2.png using Guid(7b70aeb786b165c4190e090c06f96afb) Importer(2089858483,0ecaa5967403d082aa24f35e1b516d23)  -> (artifact id: 'eba439c5fe3d403339db3d9ec99fcf29') in 0.025697 seconds
Number of updated asset objects reloaded before import = 0
Number of asset objects unloaded after import = 3
========================================================================
Received Import Request.
  Time since last request: 0.000014 seconds.
  path: Assets/UI button pack 2/brown/SHARE-BROWN.png
  artifactKey: Guid(c7de096cc0feb9d47aaf185f7ffed30f) Importer(2089858483,0ecaa5967403d082aa24f35e1b516d23)
Start importing Assets/UI button pack 2/brown/SHARE-BROWN.png using Guid(c7de096cc0feb9d47aaf185f7ffed30f) Importer(2089858483,0ecaa5967403d082aa24f35e1b516d23)  -> (artifact id: '3f9179f3741af000e58d06cc8f9e1ef1') in 0.025048 seconds
Number of updated asset objects reloaded before import = 0
Number of asset objects unloaded after import = 3
========================================================================
Received Import Request.
  Time since last request: 0.000010 seconds.
  path: Assets/UI button pack 2/Light Blue/2-left-2.png
  artifactKey: Guid(0a0e04c298212f04a855a08e73ec7615) Importer(2089858483,0ecaa5967403d082aa24f35e1b516d23)
Start importing Assets/UI button pack 2/Light Blue/2-left-2.png using Guid(0a0e04c298212f04a855a08e73ec7615) Importer(2089858483,0ecaa5967403d082aa24f35e1b516d23)  -> (artifact id: '090fe95bc5a2856d05f0eb15351179da') in 0.022991 seconds
Number of updated asset objects reloaded before import = 0
Number of asset objects unloaded after import = 3
========================================================================
Received Import Request.
  Time since last request: 0.000012 seconds.
  path: Assets/UI button pack 2/Light Blue/dolllar-2.png
  artifactKey: Guid(e54741ca709b5344d9bde63846bb4ddc) Importer(2089858483,0ecaa5967403d082aa24f35e1b516d23)
Start importing Assets/UI button pack 2/Light Blue/dolllar-2.png using Guid(e54741ca709b5344d9bde63846bb4ddc) Importer(2089858483,0ecaa5967403d082aa24f35e1b516d23)  -> (artifact id: '254672bd85052841a8b03632b1bc1280') in 0.022473 seconds
Number of updated asset objects reloaded before import = 0
Number of asset objects unloaded after import = 3
========================================================================
Received Import Request.
  Time since last request: 0.000021 seconds.
  path: Assets/UI button pack 2/brown/coins-brown.png
  artifactKey: Guid(23886852a625abb4b8a2d050767e6f39) Importer(2089858483,0ecaa5967403d082aa24f35e1b516d23)
Start importing Assets/UI button pack 2/brown/coins-brown.png using Guid(23886852a625abb4b8a2d050767e6f39) Importer(2089858483,0ecaa5967403d082aa24f35e1b516d23)  -> (artifact id: 'bb57860615e12fb5943369b72d847e15') in 0.023771 seconds
Number of updated asset objects reloaded before import = 0
Number of asset objects unloaded after import = 3
========================================================================
Received Import Request.
  Time since last request: 0.000014 seconds.
  path: Assets/UI button pack 2/Light Blue/heart2.png
  artifactKey: Guid(a1f7fc16a25cff846accbfbaea4e775f) Importer(2089858483,0ecaa5967403d082aa24f35e1b516d23)
Start importing Assets/UI button pack 2/Light Blue/heart2.png using Guid(a1f7fc16a25cff846accbfbaea4e775f) Importer(2089858483,0ecaa5967403d082aa24f35e1b516d23)  -> (artifact id: 'e4202efd8c1537f89b0cffa908544369') in 0.026290 seconds
Number of updated asset objects reloaded before import = 0
Number of asset objects unloaded after import = 3
========================================================================
Received Import Request.
  Time since last request: 0.000010 seconds.
  path: Assets/UI button pack 2/brown/close-brown.png
  artifactKey: Guid(64011f2aa9916384ab2011154904b359) Importer(2089858483,0ecaa5967403d082aa24f35e1b516d23)
Start importing Assets/UI button pack 2/brown/close-brown.png using Guid(64011f2aa9916384ab2011154904b359) Importer(2089858483,0ecaa5967403d082aa24f35e1b516d23)  -> (artifact id: '84fa507dc236100b23d0139dc04b90ff') in 0.021153 seconds
Number of updated asset objects reloaded before import = 0
Number of asset objects unloaded after import = 3
========================================================================
Received Import Request.
  Time since last request: 0.000013 seconds.
  path: Assets/UI button pack 2/Light Blue/82.png
  artifactKey: Guid(d5dd18c70e8859348abbf592f0e35ae1) Importer(2089858483,0ecaa5967403d082aa24f35e1b516d23)
Start importing Assets/UI button pack 2/Light Blue/82.png using Guid(d5dd18c70e8859348abbf592f0e35ae1) Importer(2089858483,0ecaa5967403d082aa24f35e1b516d23)  -> (artifact id: 'a166e8ff91d7e06b7889af86f6dbf773') in 0.024168 seconds
Number of updated asset objects reloaded before import = 0
Number of asset objects unloaded after import = 3
========================================================================
Received Import Request.
  Time since last request: 0.529162 seconds.
  path: Assets/UI button pack 2/Light Blue/LEFT-EDGE-2.png
  artifactKey: Guid(2aba0740f2d58c04283cc0e79244619c) Importer(2089858483,0ecaa5967403d082aa24f35e1b516d23)
Start importing Assets/UI button pack 2/Light Blue/LEFT-EDGE-2.png using Guid(2aba0740f2d58c04283cc0e79244619c) Importer(2089858483,0ecaa5967403d082aa24f35e1b516d23)  -> (artifact id: 'a9da80058d59daa14a451c6b18f28c4f') in 0.027802 seconds
Number of updated asset objects reloaded before import = 0
Number of asset objects unloaded after import = 3
========================================================================
Received Import Request.
  Time since last request: 0.000023 seconds.
  path: Assets/UI button pack 2/Light Blue/widescreen-2.png
  artifactKey: Guid(9b42066430f488f41a4d920a114c7ec9) Importer(2089858483,0ecaa5967403d082aa24f35e1b516d23)
Start importing Assets/UI button pack 2/Light Blue/widescreen-2.png using Guid(9b42066430f488f41a4d920a114c7ec9) Importer(2089858483,0ecaa5967403d082aa24f35e1b516d23)  -> (artifact id: '2d187e95b391454422a52661471299ec') in 0.022672 seconds
Number of updated asset objects reloaded before import = 0
Number of asset objects unloaded after import = 3
========================================================================
Received Import Request.
  Time since last request: 0.000010 seconds.
  path: Assets/UI button pack 2/Lime/3-left-3.png
  artifactKey: Guid(6968272c2cdf1f74eb440489941fa580) Importer(2089858483,0ecaa5967403d082aa24f35e1b516d23)
Start importing Assets/UI button pack 2/Lime/3-left-3.png using Guid(6968272c2cdf1f74eb440489941fa580) Importer(2089858483,0ecaa5967403d082aa24f35e1b516d23)  -> (artifact id: 'cdb1e3fa71a4e0e8d91d5ca4f8759d6d') in 0.024957 seconds
Number of updated asset objects reloaded before import = 0
Number of asset objects unloaded after import = 3
========================================================================
Received Import Request.
  Time since last request: 0.000009 seconds.
  path: Assets/UI button pack 2/Light Blue/stop-2.png
  artifactKey: Guid(f3532129a954c7f42b5196bc7490cfd3) Importer(2089858483,0ecaa5967403d082aa24f35e1b516d23)
Start importing Assets/UI button pack 2/Light Blue/stop-2.png using Guid(f3532129a954c7f42b5196bc7490cfd3) Importer(2089858483,0ecaa5967403d082aa24f35e1b516d23)  -> (artifact id: 'fcb4f7f80910fcb7dc078d78616079a8') in 0.023325 seconds
Number of updated asset objects reloaded before import = 0
Number of asset objects unloaded after import = 3
========================================================================
Received Import Request.
  Time since last request: 0.000012 seconds.
  path: Assets/UI button pack 2/Light Blue/sound-2.png
  artifactKey: Guid(ead810ef88508af4f996f916335f3a72) Importer(2089858483,0ecaa5967403d082aa24f35e1b516d23)
Start importing Assets/UI button pack 2/Light Blue/sound-2.png using Guid(ead810ef88508af4f996f916335f3a72) Importer(2089858483,0ecaa5967403d082aa24f35e1b516d23)  -> (artifact id: 'df24b0701e52e2719ee46088d8a44801') in 0.024575 seconds
Number of updated asset objects reloaded before import = 0
Number of asset objects unloaded after import = 3
========================================================================
Received Import Request.
  Time since last request: 0.000013 seconds.
  path: Assets/UI button pack 2/Light Blue/pause-2.png
  artifactKey: Guid(ec752cfacc10ee246bc850668419f468) Importer(2089858483,0ecaa5967403d082aa24f35e1b516d23)
Start importing Assets/UI button pack 2/Light Blue/pause-2.png using Guid(ec752cfacc10ee246bc850668419f468) Importer(2089858483,0ecaa5967403d082aa24f35e1b516d23)  -> (artifact id: '976e03a7a2e7b4392445bd159ec7eac3') in 0.021949 seconds
Number of updated asset objects reloaded before import = 0
Number of asset objects unloaded after import = 3
========================================================================
Received Import Request.
  Time since last request: 0.000018 seconds.
  path: Assets/UI button pack 2/Lime/forward-3.png
  artifactKey: Guid(340032a6c35bec74ab7ef10fe66aada3) Importer(2089858483,0ecaa5967403d082aa24f35e1b516d23)
Start importing Assets/UI button pack 2/Lime/forward-3.png using Guid(340032a6c35bec74ab7ef10fe66aada3) Importer(2089858483,0ecaa5967403d082aa24f35e1b516d23)  -> (artifact id: '81d4b85bb2a2cf40faba561cd4d26e3d') in 0.022149 seconds
Number of updated asset objects reloaded before import = 0
Number of asset objects unloaded after import = 3
========================================================================
Received Import Request.
  Time since last request: 0.000011 seconds.
  path: Assets/UI button pack 2/Lime/43.png
  artifactKey: Guid(21c57790783204d4fbdb3058d6e4fc62) Importer(2089858483,0ecaa5967403d082aa24f35e1b516d23)
Start importing Assets/UI button pack 2/Lime/43.png using Guid(21c57790783204d4fbdb3058d6e4fc62) Importer(2089858483,0ecaa5967403d082aa24f35e1b516d23)  -> (artifact id: '4719419208b3f927d381249de5f03923') in 0.022797 seconds
Number of updated asset objects reloaded before import = 0
Number of asset objects unloaded after import = 3
========================================================================
Received Import Request.
  Time since last request: 0.000011 seconds.
  path: Assets/UI button pack 2/Light Blue/ROUND-3.png
  artifactKey: Guid(f6917d65b55f08a4ebe482e025b1ccfb) Importer(2089858483,0ecaa5967403d082aa24f35e1b516d23)
Start importing Assets/UI button pack 2/Light Blue/ROUND-3.png using Guid(f6917d65b55f08a4ebe482e025b1ccfb) Importer(2089858483,0ecaa5967403d082aa24f35e1b516d23)  -> (artifact id: '2e13b5ab6d38c0b1f0e2bb3b75d10629') in 0.022225 seconds
Number of updated asset objects reloaded before import = 0
Number of asset objects unloaded after import = 3
========================================================================
Received Import Request.
  Time since last request: 0.000012 seconds.
  path: Assets/UI button pack 2/Light Blue/UPGRAFE-2.png
  artifactKey: Guid(289a8d17835fc2f48b2264beb221a449) Importer(2089858483,0ecaa5967403d082aa24f35e1b516d23)
Start importing Assets/UI button pack 2/Light Blue/UPGRAFE-2.png using Guid(289a8d17835fc2f48b2264beb221a449) Importer(2089858483,0ecaa5967403d082aa24f35e1b516d23)  -> (artifact id: 'ee38d268e77f65c2c4b781261e965513') in 0.023810 seconds
Number of updated asset objects reloaded before import = 0
Number of asset objects unloaded after import = 3
========================================================================
Received Import Request.
  Time since last request: 0.000015 seconds.
  path: Assets/UI button pack 2/Lime/camera-3.png
  artifactKey: Guid(a7e5c2c78eb0cc144a86a34058196969) Importer(2089858483,0ecaa5967403d082aa24f35e1b516d23)
Start importing Assets/UI button pack 2/Lime/camera-3.png using Guid(a7e5c2c78eb0cc144a86a34058196969) Importer(2089858483,0ecaa5967403d082aa24f35e1b516d23)  -> (artifact id: 'e922cd70d67475d1bcc9633ea828aa35') in 0.021576 seconds
Number of updated asset objects reloaded before import = 0
Number of asset objects unloaded after import = 3
========================================================================
Received Import Request.
  Time since last request: 0.000016 seconds.
  path: Assets/UI button pack 2/Light Blue/RIGHT-EDGE-2.png
  artifactKey: Guid(fb1ab752599c70c468c49376ee76d00f) Importer(2089858483,0ecaa5967403d082aa24f35e1b516d23)
Start importing Assets/UI button pack 2/Light Blue/RIGHT-EDGE-2.png using Guid(fb1ab752599c70c468c49376ee76d00f) Importer(2089858483,0ecaa5967403d082aa24f35e1b516d23)  -> (artifact id: '75e8cf3d01d3cb924b91b157e5e0c54a') in 0.023084 seconds
Number of updated asset objects reloaded before import = 0
Number of asset objects unloaded after import = 3
========================================================================
Received Import Request.
  Time since last request: 0.000016 seconds.
  path: Assets/UI button pack 2/Lime/03.png
  artifactKey: Guid(543f8890151d88a4e9486a4158c74018) Importer(2089858483,0ecaa5967403d082aa24f35e1b516d23)
Start importing Assets/UI button pack 2/Lime/03.png using Guid(543f8890151d88a4e9486a4158c74018) Importer(2089858483,0ecaa5967403d082aa24f35e1b516d23)  -> (artifact id: '44abb39baffd27245c2865ca5a257142') in 0.021243 seconds
Number of updated asset objects reloaded before import = 0
Number of asset objects unloaded after import = 3
========================================================================
Received Import Request.
  Time since last request: 0.541569 seconds.
  path: Assets/UI button pack 2/Lime/LEFT-EDGE-3.png
  artifactKey: Guid(dd7d1f78d99e26e41ab2ad0f8d8cd31f) Importer(2089858483,0ecaa5967403d082aa24f35e1b516d23)
Start importing Assets/UI button pack 2/Lime/LEFT-EDGE-3.png using Guid(dd7d1f78d99e26e41ab2ad0f8d8cd31f) Importer(2089858483,0ecaa5967403d082aa24f35e1b516d23)  -> (artifact id: '48089b2160a5917e05943babc9fa1869') in 0.027009 seconds
Number of updated asset objects reloaded before import = 0
Number of asset objects unloaded after import = 3
========================================================================
Received Import Request.
  Time since last request: 0.000012 seconds.
  path: Assets/UI button pack 2/Lime/OFFER-3.png
  artifactKey: Guid(1702c0fcaa43cdd4083ca2bc806d57b9) Importer(2089858483,0ecaa5967403d082aa24f35e1b516d23)
Start importing Assets/UI button pack 2/Lime/OFFER-3.png using Guid(1702c0fcaa43cdd4083ca2bc806d57b9) Importer(2089858483,0ecaa5967403d082aa24f35e1b516d23)  -> (artifact id: '35e0215f74bddbd97b91b7cc53b2758b') in 0.023968 seconds
Number of updated asset objects reloaded before import = 0
Number of asset objects unloaded after import = 3
========================================================================
Received Import Request.
  Time since last request: 0.000011 seconds.
  path: Assets/UI button pack 2/Marron/Heart-red.png
  artifactKey: Guid(f0e384b04a31ef742a2c0db68a0fee76) Importer(2089858483,0ecaa5967403d082aa24f35e1b516d23)
Start importing Assets/UI button pack 2/Marron/Heart-red.png using Guid(f0e384b04a31ef742a2c0db68a0fee76) Importer(2089858483,0ecaa5967403d082aa24f35e1b516d23)  -> (artifact id: '20e89549401c7e1f4b4fd9e32ef46ebd') in 0.022059 seconds
Number of updated asset objects reloaded before import = 0
Number of asset objects unloaded after import = 3
========================================================================
Received Import Request.
  Time since last request: 0.000010 seconds.
  path: Assets/UI button pack 2/Marron/1-down-red.png
  artifactKey: Guid(dfa46564614c5554794b4b5abe1e3d04) Importer(2089858483,0ecaa5967403d082aa24f35e1b516d23)
Start importing Assets/UI button pack 2/Marron/1-down-red.png using Guid(dfa46564614c5554794b4b5abe1e3d04) Importer(2089858483,0ecaa5967403d082aa24f35e1b516d23)  -> (artifact id: 'ed8f7dbb02ffff08dd61b2a5e236218f') in 0.022659 seconds
Number of updated asset objects reloaded before import = 0
Number of asset objects unloaded after import = 3
========================================================================
Received Import Request.
  Time since last request: 0.000008 seconds.
  path: Assets/UI button pack 2/Lime/right-3.png
  artifactKey: Guid(ce9c08350813b354791804d4a420af86) Importer(2089858483,0ecaa5967403d082aa24f35e1b516d23)
Start importing Assets/UI button pack 2/Lime/right-3.png using Guid(ce9c08350813b354791804d4a420af86) Importer(2089858483,0ecaa5967403d082aa24f35e1b516d23)  -> (artifact id: '687a367d73741e8f6b9ea8aec95b9b0c') in 0.023821 seconds
Number of updated asset objects reloaded before import = 0
Number of asset objects unloaded after import = 3
========================================================================
Received Import Request.
  Time since last request: 0.000014 seconds.
  path: Assets/UI button pack 2/Marron/3-red.png
  artifactKey: Guid(fdb77f03ab935e44e971738370e68d58) Importer(2089858483,0ecaa5967403d082aa24f35e1b516d23)
Start importing Assets/UI button pack 2/Marron/3-red.png using Guid(fdb77f03ab935e44e971738370e68d58) Importer(2089858483,0ecaa5967403d082aa24f35e1b516d23)  -> (artifact id: '7bd6a4ee2c57b713a25d0e9ac3cd9550') in 0.024762 seconds
Number of updated asset objects reloaded before import = 0
Number of asset objects unloaded after import = 3
========================================================================
Received Import Request.
  Time since last request: 0.000022 seconds.
  path: Assets/UI button pack 2/Lime/send.png
  artifactKey: Guid(bc8b248d84796ba4c998b9c964d520e0) Importer(2089858483,0ecaa5967403d082aa24f35e1b516d23)
Start importing Assets/UI button pack 2/Lime/send.png using Guid(bc8b248d84796ba4c998b9c964d520e0) Importer(2089858483,0ecaa5967403d082aa24f35e1b516d23)  -> (artifact id: '8cf44b476f19e534f924c9122dcebd8a') in 0.023230 seconds
Number of updated asset objects reloaded before import = 0
Number of asset objects unloaded after import = 3
========================================================================
Received Import Request.
  Time since last request: 0.000011 seconds.
  path: Assets/UI button pack 2/Marron/SOUND-RED.png
  artifactKey: Guid(95c7e745437295749bf4d5073b88cb14) Importer(2089858483,0ecaa5967403d082aa24f35e1b516d23)
Start importing Assets/UI button pack 2/Marron/SOUND-RED.png using Guid(95c7e745437295749bf4d5073b88cb14) Importer(2089858483,0ecaa5967403d082aa24f35e1b516d23)  -> (artifact id: '023427dd11cff8b772b8804c9c913f65') in 0.021792 seconds
Number of updated asset objects reloaded before import = 0
Number of asset objects unloaded after import = 3
========================================================================
Received Import Request.
  Time since last request: 0.000025 seconds.
  path: Assets/UI button pack 2/Marron/SMALL-SCREEN-RED.png
  artifactKey: Guid(b619b0c577b1d2f4594809ed5e289ef7) Importer(2089858483,0ecaa5967403d082aa24f35e1b516d23)
Start importing Assets/UI button pack 2/Marron/SMALL-SCREEN-RED.png using Guid(b619b0c577b1d2f4594809ed5e289ef7) Importer(2089858483,0ecaa5967403d082aa24f35e1b516d23)  -> (artifact id: '7cea914e8c3e27cb4cfd4c26b8f4aaab') in 0.023548 seconds
Number of updated asset objects reloaded before import = 0
Number of asset objects unloaded after import = 3
========================================================================
Received Import Request.
  Time since last request: 0.000011 seconds.
  path: Assets/UI button pack 2/Marron/LOW-RED.png
  artifactKey: Guid(680a8232f33c8e34ea21cc5a7b847935) Importer(2089858483,0ecaa5967403d082aa24f35e1b516d23)
Start importing Assets/UI button pack 2/Marron/LOW-RED.png using Guid(680a8232f33c8e34ea21cc5a7b847935) Importer(2089858483,0ecaa5967403d082aa24f35e1b516d23)  -> (artifact id: '8b18db3d459e0ed0b029693416678058') in 0.022344 seconds
Number of updated asset objects reloaded before import = 0
Number of asset objects unloaded after import = 3
========================================================================
Received Import Request.
  Time since last request: 0.000032 seconds.
  path: Assets/UI button pack 2/Lime/shop-3.png
  artifactKey: Guid(aef68f51fab99ca4f92e43458903b533) Importer(2089858483,0ecaa5967403d082aa24f35e1b516d23)
Start importing Assets/UI button pack 2/Lime/shop-3.png using Guid(aef68f51fab99ca4f92e43458903b533) Importer(2089858483,0ecaa5967403d082aa24f35e1b516d23)  -> (artifact id: 'd234f5842c41dee222793c6d2b85e07b') in 0.024796 seconds
Number of updated asset objects reloaded before import = 0
Number of asset objects unloaded after import = 3
========================================================================
Received Import Request.
  Time since last request: 0.000013 seconds.
  path: Assets/UI button pack 2/Lime/minimize-3.png
  artifactKey: Guid(d757991ae2bdb6940ae405acadcdab42) Importer(2089858483,0ecaa5967403d082aa24f35e1b516d23)
Start importing Assets/UI button pack 2/Lime/minimize-3.png using Guid(d757991ae2bdb6940ae405acadcdab42) Importer(2089858483,0ecaa5967403d082aa24f35e1b516d23)  -> (artifact id: 'f9b2cc9742df33876045d0da20881cb1') in 0.024028 seconds
Number of updated asset objects reloaded before import = 0
Number of asset objects unloaded after import = 3
========================================================================
Received Import Request.
  Time since last request: 0.000011 seconds.
  path: Assets/UI button pack 2/Marron/Plus-red.png
  artifactKey: Guid(29cabcd85499cbe4cb6610be607e5f9d) Importer(2089858483,0ecaa5967403d082aa24f35e1b516d23)
Start importing Assets/UI button pack 2/Marron/Plus-red.png using Guid(29cabcd85499cbe4cb6610be607e5f9d) Importer(2089858483,0ecaa5967403d082aa24f35e1b516d23)  -> (artifact id: '22b4d38f8b4d9a38fd179ffbbd9e1fe5') in 0.023408 seconds
Number of updated asset objects reloaded before import = 0
Number of asset objects unloaded after import = 3
========================================================================
Received Import Request.
  Time since last request: 0.000010 seconds.
  path: Assets/UI button pack 2/Marron/0-Red.png
  artifactKey: Guid(fe9e01607f2c1c04281b90e01681276d) Importer(2089858483,0ecaa5967403d082aa24f35e1b516d23)
Start importing Assets/UI button pack 2/Marron/0-Red.png using Guid(fe9e01607f2c1c04281b90e01681276d) Importer(2089858483,0ecaa5967403d082aa24f35e1b516d23)  -> (artifact id: '86b9b8d7e9a510caa12b05edb1c6c9a5') in 0.022973 seconds
Number of updated asset objects reloaded before import = 0
Number of asset objects unloaded after import = 3
========================================================================
Received Import Request.
  Time since last request: 0.000011 seconds.
  path: Assets/UI button pack 2/Marron/Upgrade-red.png
  artifactKey: Guid(417b3879ff3ab5f45adc5be7070bb7c9) Importer(2089858483,0ecaa5967403d082aa24f35e1b516d23)
Start importing Assets/UI button pack 2/Marron/Upgrade-red.png using Guid(417b3879ff3ab5f45adc5be7070bb7c9) Importer(2089858483,0ecaa5967403d082aa24f35e1b516d23)  -> (artifact id: 'fb7ca6fe32907b61c6c2285845c6cc27') in 0.022855 seconds
Number of updated asset objects reloaded before import = 0
Number of asset objects unloaded after import = 3
========================================================================
Received Import Request.
  Time since last request: 0.000027 seconds.
  path: Assets/UI button pack 2/Marron/round-red.png
  artifactKey: Guid(c6b89c4e4f3ad364f9380b4b34b77ec4) Importer(2089858483,0ecaa5967403d082aa24f35e1b516d23)
Start importing Assets/UI button pack 2/Marron/round-red.png using Guid(c6b89c4e4f3ad364f9380b4b34b77ec4) Importer(2089858483,0ecaa5967403d082aa24f35e1b516d23)  -> (artifact id: '23fd3bc965c9cfd753d2aeca045190f5') in 0.021911 seconds
Number of updated asset objects reloaded before import = 0
Number of asset objects unloaded after import = 3
========================================================================
Received Import Request.
  Time since last request: 0.000013 seconds.
  path: Assets/UI button pack 2/Lime/pause-3.png
  artifactKey: Guid(dc7d3dc0008245a46ab64cc6a3b4abe3) Importer(2089858483,0ecaa5967403d082aa24f35e1b516d23)
Start importing Assets/UI button pack 2/Lime/pause-3.png using Guid(dc7d3dc0008245a46ab64cc6a3b4abe3) Importer(2089858483,0ecaa5967403d082aa24f35e1b516d23)  -> (artifact id: '60231a9b53c421f6f248cb48cb506801') in 0.022494 seconds
Number of updated asset objects reloaded before import = 0
Number of asset objects unloaded after import = 3
========================================================================
Received Import Request.
  Time since last request: 0.000012 seconds.
  path: Assets/UI button pack 2/Marron/CHAT-RED.png
  artifactKey: Guid(b87f9d2f552ae934f87c46d9bf272a46) Importer(2089858483,0ecaa5967403d082aa24f35e1b516d23)
Start importing Assets/UI button pack 2/Marron/CHAT-RED.png using Guid(b87f9d2f552ae934f87c46d9bf272a46) Importer(2089858483,0ecaa5967403d082aa24f35e1b516d23)  -> (artifact id: 'ed685d15632f1f84599dd6919e9fb0f3') in 0.022613 seconds
Number of updated asset objects reloaded before import = 0
Number of asset objects unloaded after import = 3
========================================================================
Received Import Request.
  Time since last request: 0.000012 seconds.
  path: Assets/UI button pack 2/Marron/Minus-red.png
  artifactKey: Guid(2c4db5db103a28142a1076de02ea061c) Importer(2089858483,0ecaa5967403d082aa24f35e1b516d23)
Start importing Assets/UI button pack 2/Marron/Minus-red.png using Guid(2c4db5db103a28142a1076de02ea061c) Importer(2089858483,0ecaa5967403d082aa24f35e1b516d23)  -> (artifact id: 'e1a066e92b955fbd2cdc0934afcc0310') in 0.022419 seconds
Number of updated asset objects reloaded before import = 0
Number of asset objects unloaded after import = 3
========================================================================
Received Import Request.
  Time since last request: 0.299976 seconds.
  path: Assets/UI button pack 2/Olive green/0-green.png
  artifactKey: Guid(74d57605e2b10aa45b239852a8ef966f) Importer(2089858483,0ecaa5967403d082aa24f35e1b516d23)
Start importing Assets/UI button pack 2/Olive green/0-green.png using Guid(74d57605e2b10aa45b239852a8ef966f) Importer(2089858483,0ecaa5967403d082aa24f35e1b516d23)  -> (artifact id: '5d3050b69848821f5be943ee875b1b5b') in 0.028435 seconds
Number of updated asset objects reloaded before import = 0
Number of asset objects unloaded after import = 3
========================================================================
Received Import Request.
  Time since last request: 0.000050 seconds.
  path: Assets/UI button pack 2/Olive green/Share-with-people-green.png
  artifactKey: Guid(3a48e5fed5fbff74da2fed5ca3a318de) Importer(2089858483,0ecaa5967403d082aa24f35e1b516d23)
Start importing Assets/UI button pack 2/Olive green/Share-with-people-green.png using Guid(3a48e5fed5fbff74da2fed5ca3a318de) Importer(2089858483,0ecaa5967403d082aa24f35e1b516d23)  -> (artifact id: '0aaa0cebf367df4a135e55ead8275fab') in 0.020041 seconds
Number of updated asset objects reloaded before import = 0
Number of asset objects unloaded after import = 3
========================================================================
Received Import Request.
  Time since last request: 0.000011 seconds.
  path: Assets/UI button pack 2/Orange/1 orange down.png
  artifactKey: Guid(8a5296a4b454330419fe8d03c2af5fed) Importer(2089858483,0ecaa5967403d082aa24f35e1b516d23)
Start importing Assets/UI button pack 2/Orange/1 orange down.png using Guid(8a5296a4b454330419fe8d03c2af5fed) Importer(2089858483,0ecaa5967403d082aa24f35e1b516d23)  -> (artifact id: 'eba681b68b85b722d0ce2c516b383551') in 0.023860 seconds
Number of updated asset objects reloaded before import = 0
Number of asset objects unloaded after import = 3
========================================================================
Received Import Request.
  Time since last request: 0.000013 seconds.
  path: Assets/UI button pack 2/Olive green/Dollar-green.png
  artifactKey: Guid(14eb2b877f38706489edee310e8e4212) Importer(2089858483,0ecaa5967403d082aa24f35e1b516d23)
Start importing Assets/UI button pack 2/Olive green/Dollar-green.png using Guid(14eb2b877f38706489edee310e8e4212) Importer(2089858483,0ecaa5967403d082aa24f35e1b516d23)  -> (artifact id: '825a8f6fe23a94fb19b7653ca3851b02') in 0.024528 seconds
Number of updated asset objects reloaded before import = 0
Number of asset objects unloaded after import = 3
========================================================================
Received Import Request.
  Time since last request: 0.000011 seconds.
  path: Assets/UI button pack 2/Olive green/forward-green.png
  artifactKey: Guid(56c2b307435c16d42858682f8b8e589b) Importer(2089858483,0ecaa5967403d082aa24f35e1b516d23)
Start importing Assets/UI button pack 2/Olive green/forward-green.png using Guid(56c2b307435c16d42858682f8b8e589b) Importer(2089858483,0ecaa5967403d082aa24f35e1b516d23)  -> (artifact id: '83262a6eeb3253b060cd34b55c5846e3') in 0.023979 seconds
Number of updated asset objects reloaded before import = 0
Number of asset objects unloaded after import = 3
========================================================================
Received Import Request.
  Time since last request: 0.000011 seconds.
  path: Assets/UI button pack 2/Olive green/END-GREEN.png
  artifactKey: Guid(0f866ad45402bc547a63c2cbf0e2bc83) Importer(2089858483,0ecaa5967403d082aa24f35e1b516d23)
Start importing Assets/UI button pack 2/Olive green/END-GREEN.png using Guid(0f866ad45402bc547a63c2cbf0e2bc83) Importer(2089858483,0ecaa5967403d082aa24f35e1b516d23)  -> (artifact id: '4e76c4862a3b3f643bb6fd70f73ab98d') in 0.024492 seconds
Number of updated asset objects reloaded before import = 0
Number of asset objects unloaded after import = 3
========================================================================
Received Import Request.
  Time since last request: 0.000010 seconds.
  path: Assets/UI button pack 2/Olive green/Skip-Green.png
  artifactKey: Guid(e41c5108f4aae284eb22eb19770cda33) Importer(2089858483,0ecaa5967403d082aa24f35e1b516d23)
Start importing Assets/UI button pack 2/Olive green/Skip-Green.png using Guid(e41c5108f4aae284eb22eb19770cda33) Importer(2089858483,0ecaa5967403d082aa24f35e1b516d23)  -> (artifact id: 'b9c5e4d8abec74c974927518f1c9b212') in 0.021829 seconds
Number of updated asset objects reloaded before import = 0
Number of asset objects unloaded after import = 3
========================================================================
Received Import Request.
  Time since last request: 0.000011 seconds.
  path: Assets/UI button pack 2/Olive green/Delete-green.png
  artifactKey: Guid(b776c91d0211d2541818341426feb244) Importer(2089858483,0ecaa5967403d082aa24f35e1b516d23)
Start importing Assets/UI button pack 2/Olive green/Delete-green.png using Guid(b776c91d0211d2541818341426feb244) Importer(2089858483,0ecaa5967403d082aa24f35e1b516d23)  -> (artifact id: 'a7cc302c24e6103b8bc9994b4b7ed2c3') in 0.022952 seconds
Number of updated asset objects reloaded before import = 0
Number of asset objects unloaded after import = 3
========================================================================
Received Import Request.
  Time since last request: 0.000026 seconds.
  path: Assets/UI button pack 2/Olive green/sound-off-green.png
  artifactKey: Guid(0c15637f90feffd4f8e213e7b4accd0d) Importer(2089858483,0ecaa5967403d082aa24f35e1b516d23)
Start importing Assets/UI button pack 2/Olive green/sound-off-green.png using Guid(0c15637f90feffd4f8e213e7b4accd0d) Importer(2089858483,0ecaa5967403d082aa24f35e1b516d23)  -> (artifact id: '85ba18243a8240d7bca7ac3149d80d4e') in 0.022603 seconds
Number of updated asset objects reloaded before import = 0
Number of asset objects unloaded after import = 3
========================================================================
Received Import Request.
  Time since last request: 0.000042 seconds.
  path: Assets/UI button pack 2/Olive green/Close-green.png
  artifactKey: Guid(172e208430b0e73459ff2b05d4d8e4ca) Importer(2089858483,0ecaa5967403d082aa24f35e1b516d23)
Start importing Assets/UI button pack 2/Olive green/Close-green.png using Guid(172e208430b0e73459ff2b05d4d8e4ca) Importer(2089858483,0ecaa5967403d082aa24f35e1b516d23)  -> (artifact id: 'ae31fee54167c29555375779dfd85667') in 0.023532 seconds
Number of updated asset objects reloaded before import = 0
Number of asset objects unloaded after import = 3
========================================================================
Received Import Request.
  Time since last request: 0.000014 seconds.
  path: Assets/UI button pack 2/Orange/dollar-orange.png
  artifactKey: Guid(8969aae96c1367442bb3485486d0ae8f) Importer(2089858483,0ecaa5967403d082aa24f35e1b516d23)
Start importing Assets/UI button pack 2/Orange/dollar-orange.png using Guid(8969aae96c1367442bb3485486d0ae8f) Importer(2089858483,0ecaa5967403d082aa24f35e1b516d23)  -> (artifact id: 'f083c8b1b7c50f0a6c0530050419adc4') in 0.021572 seconds
Number of updated asset objects reloaded before import = 0
Number of asset objects unloaded after import = 3
========================================================================
Received Import Request.
  Time since last request: 0.000022 seconds.
  path: Assets/UI button pack 2/Orange/collect-oranhe.png
  artifactKey: Guid(1597a3c3d41ed8f4085afdc9f7bf80b3) Importer(2089858483,0ecaa5967403d082aa24f35e1b516d23)
Start importing Assets/UI button pack 2/Orange/collect-oranhe.png using Guid(1597a3c3d41ed8f4085afdc9f7bf80b3) Importer(2089858483,0ecaa5967403d082aa24f35e1b516d23)  -> (artifact id: '882433a714f41fd417d621d1c2d487d7') in 0.022449 seconds
Number of updated asset objects reloaded before import = 0
Number of asset objects unloaded after import = 3
========================================================================
Received Import Request.
  Time since last request: 0.000009 seconds.
  path: Assets/UI button pack 2/Olive green/5-green.png
  artifactKey: Guid(bbfd0848e86de4b4a94d14744eea71e0) Importer(2089858483,0ecaa5967403d082aa24f35e1b516d23)
Start importing Assets/UI button pack 2/Olive green/5-green.png using Guid(bbfd0848e86de4b4a94d14744eea71e0) Importer(2089858483,0ecaa5967403d082aa24f35e1b516d23)  -> (artifact id: '5adce5a42f1fcc1051b620827d974e94') in 0.022905 seconds
Number of updated asset objects reloaded before import = 0
Number of asset objects unloaded after import = 3
========================================================================
Received Import Request.
  Time since last request: 0.000009 seconds.
  path: Assets/UI button pack 2/Olive green/Idea-green.png
  artifactKey: Guid(c6bde1d138024cb449f3d5721fd19475) Importer(2089858483,0ecaa5967403d082aa24f35e1b516d23)
Start importing Assets/UI button pack 2/Olive green/Idea-green.png using Guid(c6bde1d138024cb449f3d5721fd19475) Importer(2089858483,0ecaa5967403d082aa24f35e1b516d23)  -> (artifact id: '056f077280302e3eb1b72a26f4e68f86') in 0.020846 seconds
Number of updated asset objects reloaded before import = 0
Number of asset objects unloaded after import = 3
========================================================================
Received Import Request.
  Time since last request: 0.000023 seconds.
  path: Assets/UI button pack 2/Olive green/location-3.png
  artifactKey: Guid(b6bfbbc6013f37e42a19f6c259745c24) Importer(2089858483,0ecaa5967403d082aa24f35e1b516d23)
Start importing Assets/UI button pack 2/Olive green/location-3.png using Guid(b6bfbbc6013f37e42a19f6c259745c24) Importer(2089858483,0ecaa5967403d082aa24f35e1b516d23)  -> (artifact id: '8b70d464b7c6eaeb838f7a3edccd75a2') in 0.022985 seconds
Number of updated asset objects reloaded before import = 0
Number of asset objects unloaded after import = 3
========================================================================
Received Import Request.
  Time since last request: 0.000011 seconds.
  path: Assets/UI button pack 2/Olive green/hard-gren.png
  artifactKey: Guid(d61ecca33a0714f4390d6007dbe59628) Importer(2089858483,0ecaa5967403d082aa24f35e1b516d23)
Start importing Assets/UI button pack 2/Olive green/hard-gren.png using Guid(d61ecca33a0714f4390d6007dbe59628) Importer(2089858483,0ecaa5967403d082aa24f35e1b516d23)  -> (artifact id: '895ba04a78a3fe00855e8791b06b02e5') in 0.021990 seconds
Number of updated asset objects reloaded before import = 0
Number of asset objects unloaded after import = 3
========================================================================
Received Import Request.
  Time since last request: 0.000011 seconds.
  path: Assets/UI button pack 2/Olive green/FULL-SCREEN-GREEN.png
  artifactKey: Guid(8cd527884dba36743829f8f5ccd23971) Importer(2089858483,0ecaa5967403d082aa24f35e1b516d23)
Start importing Assets/UI button pack 2/Olive green/FULL-SCREEN-GREEN.png using Guid(8cd527884dba36743829f8f5ccd23971) Importer(2089858483,0ecaa5967403d082aa24f35e1b516d23)  -> (artifact id: '039ab2f70e9b31d4edfb644a62404d59') in 0.022386 seconds
Number of updated asset objects reloaded before import = 0
Number of asset objects unloaded after import = 3
========================================================================
Received Import Request.
  Time since last request: 0.000033 seconds.
  path: Assets/UI button pack 2/Orange/delete-orange.png
  artifactKey: Guid(4ccf9c31460da4841a9c7343a763ac2e) Importer(2089858483,0ecaa5967403d082aa24f35e1b516d23)
Start importing Assets/UI button pack 2/Orange/delete-orange.png using Guid(4ccf9c31460da4841a9c7343a763ac2e) Importer(2089858483,0ecaa5967403d082aa24f35e1b516d23)  -> (artifact id: 'e9c4eda7b74105bb63335755ce6ae89b') in 0.021026 seconds
Number of updated asset objects reloaded before import = 0
Number of asset objects unloaded after import = 3
========================================================================
Received Import Request.
  Time since last request: 0.000011 seconds.
  path: Assets/UI button pack 2/Orange/back-orange.png
  artifactKey: Guid(a441423bff8dc1a40909a35c78e10ae1) Importer(2089858483,0ecaa5967403d082aa24f35e1b516d23)
Start importing Assets/UI button pack 2/Orange/back-orange.png using Guid(a441423bff8dc1a40909a35c78e10ae1) Importer(2089858483,0ecaa5967403d082aa24f35e1b516d23)  -> (artifact id: 'b2a37969e499a1982e8c9bd3fc607634') in 0.020652 seconds
Number of updated asset objects reloaded before import = 0
Number of asset objects unloaded after import = 3
========================================================================
Received Import Request.
  Time since last request: 0.161952 seconds.
  path: Assets/UI button pack 2/Orange/HARD-ORANGE.png
  artifactKey: Guid(e6d8b3434726f0141a442504434877be) Importer(2089858483,0ecaa5967403d082aa24f35e1b516d23)
Start importing Assets/UI button pack 2/Orange/HARD-ORANGE.png using Guid(e6d8b3434726f0141a442504434877be) Importer(2089858483,0ecaa5967403d082aa24f35e1b516d23)  -> (artifact id: '9117d55dceecc0862f2f96af2cacef74') in 0.028872 seconds
Number of updated asset objects reloaded before import = 0
Number of asset objects unloaded after import = 3
========================================================================
Received Import Request.
  Time since last request: 0.000026 seconds.
  path: Assets/UI button pack 2/Pink/END-1.png
  artifactKey: Guid(70fdb0f6954fc92429937c50aed887b6) Importer(2089858483,0ecaa5967403d082aa24f35e1b516d23)
Start importing Assets/UI button pack 2/Pink/END-1.png using Guid(70fdb0f6954fc92429937c50aed887b6) Importer(2089858483,0ecaa5967403d082aa24f35e1b516d23)  -> (artifact id: '7d818b6d04398dbc30c838996f646998') in 0.023272 seconds
Number of updated asset objects reloaded before import = 0
Number of asset objects unloaded after import = 3
========================================================================
Received Import Request.
  Time since last request: 0.000012 seconds.
  path: Assets/UI button pack 2/Pink/info-1.png
  artifactKey: Guid(102c739fcec77094da31d2183dce4e95) Importer(2089858483,0ecaa5967403d082aa24f35e1b516d23)
Start importing Assets/UI button pack 2/Pink/info-1.png using Guid(102c739fcec77094da31d2183dce4e95) Importer(2089858483,0ecaa5967403d082aa24f35e1b516d23)  -> (artifact id: 'f7039a664d730017adf599ab4998ef38') in 0.023965 seconds
Number of updated asset objects reloaded before import = 0
Number of asset objects unloaded after import = 3
========================================================================
Received Import Request.
  Time since last request: 0.000012 seconds.
  path: Assets/UI button pack 2/Purple/1-up-pink.png
  artifactKey: Guid(94762bb576246f249b61facaf94205a3) Importer(2089858483,0ecaa5967403d082aa24f35e1b516d23)
Start importing Assets/UI button pack 2/Purple/1-up-pink.png using Guid(94762bb576246f249b61facaf94205a3) Importer(2089858483,0ecaa5967403d082aa24f35e1b516d23)  -> (artifact id: 'ac85b46ffdaf9f622b213d1f319043e1') in 0.022816 seconds
Number of updated asset objects reloaded before import = 0
Number of asset objects unloaded after import = 3
========================================================================
Received Import Request.
  Time since last request: 0.000015 seconds.
  path: Assets/UI button pack 2/Purple/1024-256-leftedge-pink.png
  artifactKey: Guid(f8351f5c8fa13694fb24d9820d2d2e63) Importer(2089858483,0ecaa5967403d082aa24f35e1b516d23)
Start importing Assets/UI button pack 2/Purple/1024-256-leftedge-pink.png using Guid(f8351f5c8fa13694fb24d9820d2d2e63) Importer(2089858483,0ecaa5967403d082aa24f35e1b516d23)  -> (artifact id: 'd47fc17c005841911ec1b8d39d450b27') in 0.022964 seconds
Number of updated asset objects reloaded before import = 0
Number of asset objects unloaded after import = 3
========================================================================
Received Import Request.
  Time since last request: 0.000016 seconds.
  path: Assets/UI button pack 2/Pink/21.png
  artifactKey: Guid(c215c8ba0eb0e6741b1ed526a97c8d0b) Importer(2089858483,0ecaa5967403d082aa24f35e1b516d23)
Start importing Assets/UI button pack 2/Pink/21.png using Guid(c215c8ba0eb0e6741b1ed526a97c8d0b) Importer(2089858483,0ecaa5967403d082aa24f35e1b516d23)  -> (artifact id: '7905d67df73a3dcb1d599395635ae825') in 0.021365 seconds
Number of updated asset objects reloaded before import = 0
Number of asset objects unloaded after import = 3
========================================================================
Received Import Request.
  Time since last request: 0.000012 seconds.
  path: Assets/UI button pack 2/Pink/music-off-1.png
  artifactKey: Guid(d4e168af2623c0745ace7d0f1a10b60b) Importer(2089858483,0ecaa5967403d082aa24f35e1b516d23)
Start importing Assets/UI button pack 2/Pink/music-off-1.png using Guid(d4e168af2623c0745ace7d0f1a10b60b) Importer(2089858483,0ecaa5967403d082aa24f35e1b516d23)  -> (artifact id: 'd2fb3c0e82fc4646d66797b3a1105a86') in 0.020359 seconds
Number of updated asset objects reloaded before import = 0
Number of asset objects unloaded after import = 3
========================================================================
Received Import Request.
  Time since last request: 0.000011 seconds.
  path: Assets/UI button pack 2/Purple/CHAT-PINK.png
  artifactKey: Guid(70c07aa095d7832498456beb9b446bba) Importer(2089858483,0ecaa5967403d082aa24f35e1b516d23)
Start importing Assets/UI button pack 2/Purple/CHAT-PINK.png using Guid(70c07aa095d7832498456beb9b446bba) Importer(2089858483,0ecaa5967403d082aa24f35e1b516d23)  -> (artifact id: '9bb7d2590c8af863defd7a0d9ca2bc67') in 0.024076 seconds
Number of updated asset objects reloaded before import = 0
Number of asset objects unloaded after import = 3
========================================================================
Received Import Request.
  Time since last request: 0.000011 seconds.
  path: Assets/UI button pack 2/Purple/muic-off-pink.png
  artifactKey: Guid(e64c263c939875b41810072e8e15602f) Importer(2089858483,0ecaa5967403d082aa24f35e1b516d23)
Start importing Assets/UI button pack 2/Purple/muic-off-pink.png using Guid(e64c263c939875b41810072e8e15602f) Importer(2089858483,0ecaa5967403d082aa24f35e1b516d23)  -> (artifact id: 'cd451af486049686f4bd92f497380908') in 0.021656 seconds
Number of updated asset objects reloaded before import = 0
Number of asset objects unloaded after import = 3
========================================================================
Received Import Request.
  Time since last request: 0.000012 seconds.
  path: Assets/UI button pack 2/Purple/edit-pink.png
  artifactKey: Guid(5369ba4d03ba5dd44a1733076a0e4f69) Importer(2089858483,0ecaa5967403d082aa24f35e1b516d23)
Start importing Assets/UI button pack 2/Purple/edit-pink.png using Guid(5369ba4d03ba5dd44a1733076a0e4f69) Importer(2089858483,0ecaa5967403d082aa24f35e1b516d23)  -> (artifact id: '08acad533239b646600cd6c23d79842d') in 0.022712 seconds
Number of updated asset objects reloaded before import = 0
Number of asset objects unloaded after import = 3
========================================================================
Received Import Request.
  Time since last request: 0.000011 seconds.
  path: Assets/UI button pack 2/Orange/que-orange.png
  artifactKey: Guid(279cb6023f1124d419f6638dd9efe25c) Importer(2089858483,0ecaa5967403d082aa24f35e1b516d23)
Start importing Assets/UI button pack 2/Orange/que-orange.png using Guid(279cb6023f1124d419f6638dd9efe25c) Importer(2089858483,0ecaa5967403d082aa24f35e1b516d23)  -> (artifact id: '2e90a50dbad62dbd6916010ff89ab289') in 0.022182 seconds
Number of updated asset objects reloaded before import = 0
Number of asset objects unloaded after import = 3
========================================================================
Received Import Request.
  Time since last request: 0.000018 seconds.
  path: Assets/UI button pack 2/Pink/loation-12.png
  artifactKey: Guid(88ab02a58b28d1c44ae5ff700aeb47c5) Importer(2089858483,0ecaa5967403d082aa24f35e1b516d23)
Start importing Assets/UI button pack 2/Pink/loation-12.png using Guid(88ab02a58b28d1c44ae5ff700aeb47c5) Importer(2089858483,0ecaa5967403d082aa24f35e1b516d23)  -> (artifact id: '9f154ac1c65f939b4ead92436393e010') in 0.030826 seconds
Number of updated asset objects reloaded before import = 0
Number of asset objects unloaded after import = 3
========================================================================
Received Import Request.
  Time since last request: 0.000011 seconds.
  path: Assets/UI button pack 2/Orange/OFFER-ORANGE.png
  artifactKey: Guid(18204ad9b03466943a03eb68e42e6117) Importer(2089858483,0ecaa5967403d082aa24f35e1b516d23)
Start importing Assets/UI button pack 2/Orange/OFFER-ORANGE.png using Guid(18204ad9b03466943a03eb68e42e6117) Importer(2089858483,0ecaa5967403d082aa24f35e1b516d23)  -> (artifact id: '36f28c61fda432cb5a1082cb23f7fe98') in 0.027278 seconds
Number of updated asset objects reloaded before import = 0
Number of asset objects unloaded after import = 3
========================================================================
Received Import Request.
  Time since last request: 0.000011 seconds.
  path: Assets/UI button pack 2/Pink/1-up-1.png
  artifactKey: Guid(23c2cc74920719b43b47f96f6c8e4b18) Importer(2089858483,0ecaa5967403d082aa24f35e1b516d23)
Start importing Assets/UI button pack 2/Pink/1-up-1.png using Guid(23c2cc74920719b43b47f96f6c8e4b18) Importer(2089858483,0ecaa5967403d082aa24f35e1b516d23)  -> (artifact id: '42f3909736368a20871d43ff101ada5b') in 0.020925 seconds
Number of updated asset objects reloaded before import = 0
Number of asset objects unloaded after import = 3
========================================================================
Received Import Request.
  Time since last request: 0.000015 seconds.
  path: Assets/UI button pack 2/Pink/sound-1.png
  artifactKey: Guid(b1452babee0110f4a9011f13ec901961) Importer(2089858483,0ecaa5967403d082aa24f35e1b516d23)
Start importing Assets/UI button pack 2/Pink/sound-1.png using Guid(b1452babee0110f4a9011f13ec901961) Importer(2089858483,0ecaa5967403d082aa24f35e1b516d23)  -> (artifact id: 'd37fd6998fa890550b2f32764a5c8d2f') in 0.023062 seconds
Number of updated asset objects reloaded before import = 0
Number of asset objects unloaded after import = 3
========================================================================
Received Import Request.
  Time since last request: 0.000021 seconds.
  path: Assets/UI button pack 2/Pink/2-up-1.png
  artifactKey: Guid(070229cbd0f03364b94c97c951f3a692) Importer(2089858483,0ecaa5967403d082aa24f35e1b516d23)
Start importing Assets/UI button pack 2/Pink/2-up-1.png using Guid(070229cbd0f03364b94c97c951f3a692) Importer(2089858483,0ecaa5967403d082aa24f35e1b516d23)  -> (artifact id: 'eb77b56a33e563275397ce9f9259e0eb') in 0.023105 seconds
Number of updated asset objects reloaded before import = 0
Number of asset objects unloaded after import = 3
========================================================================
Received Import Request.
  Time since last request: 0.000014 seconds.
  path: Assets/UI button pack 2/Purple/3-right-pink.png
  artifactKey: Guid(13af3368778d77349baaa489e13fba0e) Importer(2089858483,0ecaa5967403d082aa24f35e1b516d23)
Start importing Assets/UI button pack 2/Purple/3-right-pink.png using Guid(13af3368778d77349baaa489e13fba0e) Importer(2089858483,0ecaa5967403d082aa24f35e1b516d23)  -> (artifact id: '7f24681b817fd3f73202149baa1e6da5') in 0.023431 seconds
Number of updated asset objects reloaded before import = 0
Number of asset objects unloaded after import = 3
========================================================================
Received Import Request.
  Time since last request: 0.000010 seconds.
  path: Assets/UI button pack 2/Orange/zoom-in-orange.png
  artifactKey: Guid(8687cd92657303c41944598ddcbfb887) Importer(2089858483,0ecaa5967403d082aa24f35e1b516d23)
Start importing Assets/UI button pack 2/Orange/zoom-in-orange.png using Guid(8687cd92657303c41944598ddcbfb887) Importer(2089858483,0ecaa5967403d082aa24f35e1b516d23)  -> (artifact id: 'bc6911e09175cb784b7f8607871f3f8f') in 0.022441 seconds
Number of updated asset objects reloaded before import = 0
Number of asset objects unloaded after import = 3
========================================================================
Received Import Request.
  Time since last request: 0.000011 seconds.
  path: Assets/UI button pack 2/Pink/menu-1.png
  artifactKey: Guid(8df693fe727cd294b97bf85bcea07232) Importer(2089858483,0ecaa5967403d082aa24f35e1b516d23)
Start importing Assets/UI button pack 2/Pink/menu-1.png using Guid(8df693fe727cd294b97bf85bcea07232) Importer(2089858483,0ecaa5967403d082aa24f35e1b516d23)  -> (artifact id: 'f1be11e6b9dcf4a1666b0589244e5ed2') in 0.023710 seconds
Number of updated asset objects reloaded before import = 0
Number of asset objects unloaded after import = 3
========================================================================
Received Import Request.
  Time since last request: 0.000010 seconds.
  path: Assets/UI button pack 2/Orange/share-with-poeple-orange.png
  artifactKey: Guid(5d8cca71710a3c6479b3fdaa8c684753) Importer(2089858483,0ecaa5967403d082aa24f35e1b516d23)
Start importing Assets/UI button pack 2/Orange/share-with-poeple-orange.png using Guid(5d8cca71710a3c6479b3fdaa8c684753) Importer(2089858483,0ecaa5967403d082aa24f35e1b516d23)  -> (artifact id: '2bf35fe2fd8eb6c3acb61acf220d1bc5') in 0.025713 seconds
Number of updated asset objects reloaded before import = 0
Number of asset objects unloaded after import = 3
========================================================================
Received Import Request.
  Time since last request: 0.000011 seconds.
  path: Assets/UI button pack 2/Purple/left-pink.png
  artifactKey: Guid(544055cbef197954e94b3d7f7da57ef9) Importer(2089858483,0ecaa5967403d082aa24f35e1b516d23)
Start importing Assets/UI button pack 2/Purple/left-pink.png using Guid(544055cbef197954e94b3d7f7da57ef9) Importer(2089858483,0ecaa5967403d082aa24f35e1b516d23)  -> (artifact id: 'dab24ae502dbf7336d7ac1ecc7f3dade') in 0.022410 seconds
Number of updated asset objects reloaded before import = 0
Number of asset objects unloaded after import = 3
========================================================================
Received Import Request.
  Time since last request: 0.000015 seconds.
  path: Assets/UI button pack 2/Purple/1-left-pink.png
  artifactKey: Guid(81eeb8bf40012ca4b9ca55a177da19fb) Importer(2089858483,0ecaa5967403d082aa24f35e1b516d23)
Start importing Assets/UI button pack 2/Purple/1-left-pink.png using Guid(81eeb8bf40012ca4b9ca55a177da19fb) Importer(2089858483,0ecaa5967403d082aa24f35e1b516d23)  -> (artifact id: 'f9ca96680f4690a9cce00f68e534f02e') in 0.022710 seconds
Number of updated asset objects reloaded before import = 0
Number of asset objects unloaded after import = 3
========================================================================
Received Import Request.
  Time since last request: 0.000010 seconds.
  path: Assets/UI button pack 2/Purple/que-pink'.png
  artifactKey: Guid(b47cee333dd319d4e8880cf08e11c03f) Importer(2089858483,0ecaa5967403d082aa24f35e1b516d23)
Start importing Assets/UI button pack 2/Purple/que-pink'.png using Guid(b47cee333dd319d4e8880cf08e11c03f) Importer(2089858483,0ecaa5967403d082aa24f35e1b516d23)  -> (artifact id: '21c25ca1e1d6b3d0f09e01849e0b6f30') in 0.023008 seconds
Number of updated asset objects reloaded before import = 0
Number of asset objects unloaded after import = 3
========================================================================
Received Import Request.
  Time since last request: 0.000012 seconds.
  path: Assets/UI button pack 2/Purple/star-pink.png
  artifactKey: Guid(1b1c6e79ca7538446bb6a8992fb88f08) Importer(2089858483,0ecaa5967403d082aa24f35e1b516d23)
Start importing Assets/UI button pack 2/Purple/star-pink.png using Guid(1b1c6e79ca7538446bb6a8992fb88f08) Importer(2089858483,0ecaa5967403d082aa24f35e1b516d23)  -> (artifact id: '2f8b361bea6a6f3eb107e712a9b8665f') in 0.026418 seconds
Number of updated asset objects reloaded before import = 0
Number of asset objects unloaded after import = 3
========================================================================
Received Import Request.
  Time since last request: 0.000013 seconds.
  path: Assets/UI button pack 2/Red/backward-red.png
  artifactKey: Guid(8728920c3f926434fba5371cd3872d4c) Importer(2089858483,0ecaa5967403d082aa24f35e1b516d23)
Start importing Assets/UI button pack 2/Red/backward-red.png using Guid(8728920c3f926434fba5371cd3872d4c) Importer(2089858483,0ecaa5967403d082aa24f35e1b516d23)  -> (artifact id: 'cb71dde8c4b87e878b342f504e214ad2') in 0.021687 seconds
Number of updated asset objects reloaded before import = 0
Number of asset objects unloaded after import = 3
========================================================================
Received Import Request.
  Time since last request: 0.000032 seconds.
  path: Assets/UI button pack 2/Voilet/8-purple.png
  artifactKey: Guid(d503b7ad8a4b5b44982ea1289430cc68) Importer(2089858483,0ecaa5967403d082aa24f35e1b516d23)
Start importing Assets/UI button pack 2/Voilet/8-purple.png using Guid(d503b7ad8a4b5b44982ea1289430cc68) Importer(2089858483,0ecaa5967403d082aa24f35e1b516d23)  -> (artifact id: '026a4861e2574c4788b42482428a6c61') in 0.023220 seconds
Number of updated asset objects reloaded before import = 0
Number of asset objects unloaded after import = 3
========================================================================
Received Import Request.
  Time since last request: 0.000011 seconds.
  path: Assets/UI button pack 2/Purple/up-pink.png
  artifactKey: Guid(0dfb0e6991ff8fd40a323cc83981af13) Importer(2089858483,0ecaa5967403d082aa24f35e1b516d23)
Start importing Assets/UI button pack 2/Purple/up-pink.png using Guid(0dfb0e6991ff8fd40a323cc83981af13) Importer(2089858483,0ecaa5967403d082aa24f35e1b516d23)  -> (artifact id: '44963054462e9aee06bebec0aabc25cb') in 0.022463 seconds
Number of updated asset objects reloaded before import = 0
Number of asset objects unloaded after import = 3
========================================================================
Received Import Request.
  Time since last request: 0.000011 seconds.
  path: Assets/UI button pack 2/Red/RED-SHOP.png
  artifactKey: Guid(5033d22341e888d49baf4568920995a6) Importer(2089858483,0ecaa5967403d082aa24f35e1b516d23)
Start importing Assets/UI button pack 2/Red/RED-SHOP.png using Guid(5033d22341e888d49baf4568920995a6) Importer(2089858483,0ecaa5967403d082aa24f35e1b516d23)  -> (artifact id: '703f547ad5fa56037bee18b01cb5ce18') in 0.021677 seconds
Number of updated asset objects reloaded before import = 0
Number of asset objects unloaded after import = 3
========================================================================
Received Import Request.
  Time since last request: 0.000010 seconds.
  path: Assets/UI button pack 2/Voilet/add-members-purple.png
  artifactKey: Guid(621a06edf6c74c54588a8f860d36cfe9) Importer(2089858483,0ecaa5967403d082aa24f35e1b516d23)
Start importing Assets/UI button pack 2/Voilet/add-members-purple.png using Guid(621a06edf6c74c54588a8f860d36cfe9) Importer(2089858483,0ecaa5967403d082aa24f35e1b516d23)  -> (artifact id: 'c5e1bb49caca96273e0468bf9491c73f') in 0.023770 seconds
Number of updated asset objects reloaded before import = 0
Number of asset objects unloaded after import = 3
========================================================================
Received Import Request.
  Time since last request: 0.000010 seconds.
  path: Assets/UI button pack 2/Voilet/2-purple.png
  artifactKey: Guid(d386309b4ca2d2841acf26b8e1a1c6cc) Importer(2089858483,0ecaa5967403d082aa24f35e1b516d23)
Start importing Assets/UI button pack 2/Voilet/2-purple.png using Guid(d386309b4ca2d2841acf26b8e1a1c6cc) Importer(2089858483,0ecaa5967403d082aa24f35e1b516d23)  -> (artifact id: 'ee6fde76edf8be2d4846fbbaa3419c62') in 0.021521 seconds
Number of updated asset objects reloaded before import = 0
Number of asset objects unloaded after import = 3
========================================================================
Received Import Request.
  Time since last request: 0.000010 seconds.
  path: Assets/UI button pack 2/Red/SHARE-WITH-RED.png
  artifactKey: Guid(8657f3d3c9a1d5f44be77c5d3c7c563d) Importer(2089858483,0ecaa5967403d082aa24f35e1b516d23)
Start importing Assets/UI button pack 2/Red/SHARE-WITH-RED.png using Guid(8657f3d3c9a1d5f44be77c5d3c7c563d) Importer(2089858483,0ecaa5967403d082aa24f35e1b516d23)  -> (artifact id: '9ffc575b89240887df51ee36472c2a15') in 0.023071 seconds
Number of updated asset objects reloaded before import = 0
Number of asset objects unloaded after import = 3
========================================================================
Received Import Request.
  Time since last request: 0.000011 seconds.
  path: Assets/UI button pack 2/Red/TICK-RED.png
  artifactKey: Guid(abc6b8c9ece343b4082b174d371e9490) Importer(2089858483,0ecaa5967403d082aa24f35e1b516d23)
Start importing Assets/UI button pack 2/Red/TICK-RED.png using Guid(abc6b8c9ece343b4082b174d371e9490) Importer(2089858483,0ecaa5967403d082aa24f35e1b516d23)  -> (artifact id: '01fb55ba1f4af7aaf18ebf36fd0c6ea2') in 0.021246 seconds
Number of updated asset objects reloaded before import = 0
Number of asset objects unloaded after import = 3
========================================================================
Received Import Request.
  Time since last request: 0.000010 seconds.
  path: Assets/UI button pack 2/Red/DELETE RED.png
  artifactKey: Guid(872b38133ffcff147b63fe27d6fae303) Importer(2089858483,0ecaa5967403d082aa24f35e1b516d23)
Start importing Assets/UI button pack 2/Red/DELETE RED.png using Guid(872b38133ffcff147b63fe27d6fae303) Importer(2089858483,0ecaa5967403d082aa24f35e1b516d23)  -> (artifact id: 'b9a43c8d1e1de5e47d117a99833e4fe9') in 0.024943 seconds
Number of updated asset objects reloaded before import = 0
Number of asset objects unloaded after import = 3
========================================================================
Received Import Request.
  Time since last request: 0.000011 seconds.
  path: Assets/UI button pack 2/Voilet/3-LEFT-PURPLE.png
  artifactKey: Guid(f9ccc15afe086324aa03f670e6993b68) Importer(2089858483,0ecaa5967403d082aa24f35e1b516d23)
Start importing Assets/UI button pack 2/Voilet/3-LEFT-PURPLE.png using Guid(f9ccc15afe086324aa03f670e6993b68) Importer(2089858483,0ecaa5967403d082aa24f35e1b516d23)  -> (artifact id: '63a139fcc3742e94edc75ab7d885f4dc') in 0.023258 seconds
Number of updated asset objects reloaded before import = 0
Number of asset objects unloaded after import = 3
========================================================================
Received Import Request.
  Time since last request: 0.000046 seconds.
  path: Assets/UI button pack 2/Red/WIDE-RED.png
  artifactKey: Guid(10863d375edbe1843b0b88dcfc78e8d3) Importer(2089858483,0ecaa5967403d082aa24f35e1b516d23)
Start importing Assets/UI button pack 2/Red/WIDE-RED.png using Guid(10863d375edbe1843b0b88dcfc78e8d3) Importer(2089858483,0ecaa5967403d082aa24f35e1b516d23)  -> (artifact id: 'ef5d60010f199e2d680fbfbc38c27512') in 0.022391 seconds
Number of updated asset objects reloaded before import = 0
Number of asset objects unloaded after import = 3
========================================================================
Received Import Request.
  Time since last request: 0.000008 seconds.
  path: Assets/UI button pack 2/Purple/premium-pink.png
  artifactKey: Guid(e1e8e9207d29f6d4e964570c2eebebef) Importer(2089858483,0ecaa5967403d082aa24f35e1b516d23)
Start importing Assets/UI button pack 2/Purple/premium-pink.png using Guid(e1e8e9207d29f6d4e964570c2eebebef) Importer(2089858483,0ecaa5967403d082aa24f35e1b516d23)  -> (artifact id: 'cc3b1fdc5b38d68b138daa3796354244') in 0.022781 seconds
Number of updated asset objects reloaded before import = 0
Number of asset objects unloaded after import = 3
========================================================================
Received Import Request.
  Time since last request: 0.000012 seconds.
  path: Assets/UI button pack 2/Voilet/1-LEFT-PURPLE.png
  artifactKey: Guid(6a179f04392bb1e4082d3f62ec1c041c) Importer(2089858483,0ecaa5967403d082aa24f35e1b516d23)
Start importing Assets/UI button pack 2/Voilet/1-LEFT-PURPLE.png using Guid(6a179f04392bb1e4082d3f62ec1c041c) Importer(2089858483,0ecaa5967403d082aa24f35e1b516d23)  -> (artifact id: 'b54fc27fa88e69fed142a3ee98c0d4f5') in 0.023914 seconds
Number of updated asset objects reloaded before import = 0
Number of asset objects unloaded after import = 3
========================================================================
Received Import Request.
  Time since last request: 0.000011 seconds.
  path: Assets/UI button pack 2/Red/5-red.png
  artifactKey: Guid(45504a5d6c3826b4ca91af5b01f92e6d) Importer(2089858483,0ecaa5967403d082aa24f35e1b516d23)
Start importing Assets/UI button pack 2/Red/5-red.png using Guid(45504a5d6c3826b4ca91af5b01f92e6d) Importer(2089858483,0ecaa5967403d082aa24f35e1b516d23)  -> (artifact id: '2c84199b1f839f186fd6eec819e57866') in 0.022466 seconds
Number of updated asset objects reloaded before import = 0
Number of asset objects unloaded after import = 3
========================================================================
Received Import Request.
  Time since last request: 0.000012 seconds.
  path: Assets/UI button pack 2/Red/location-9.png
  artifactKey: Guid(fd41dc0e61d8de84889620e309ba68b9) Importer(2089858483,0ecaa5967403d082aa24f35e1b516d23)
Start importing Assets/UI button pack 2/Red/location-9.png using Guid(fd41dc0e61d8de84889620e309ba68b9) Importer(2089858483,0ecaa5967403d082aa24f35e1b516d23)  -> (artifact id: 'b5ba9e808d03b38d5fd7878f3560b853') in 0.022942 seconds
Number of updated asset objects reloaded before import = 0
Number of asset objects unloaded after import = 3
========================================================================
Received Import Request.
  Time since last request: 0.000011 seconds.
  path: Assets/UI button pack 2/Pink/star-1.png
  artifactKey: Guid(a25457381274eed4b9ba4964af66b694) Importer(2089858483,0ecaa5967403d082aa24f35e1b516d23)
Start importing Assets/UI button pack 2/Pink/star-1.png using Guid(a25457381274eed4b9ba4964af66b694) Importer(2089858483,0ecaa5967403d082aa24f35e1b516d23)  -> (artifact id: '95685c21a258ed8f3831cbc32127f98d') in 0.023336 seconds
Number of updated asset objects reloaded before import = 0
Number of asset objects unloaded after import = 3
========================================================================
Received Import Request.
  Time since last request: 0.000010 seconds.
  path: Assets/UI button pack 2/Purple/1 .png
  artifactKey: Guid(8729c49357ee5ca4aa4ec45233263952) Importer(2089858483,0ecaa5967403d082aa24f35e1b516d23)
Start importing Assets/UI button pack 2/Purple/1 .png using Guid(8729c49357ee5ca4aa4ec45233263952) Importer(2089858483,0ecaa5967403d082aa24f35e1b516d23)  -> (artifact id: '4c6a0db31bdc61d439c5f320fc5d7a97') in 0.021097 seconds
Number of updated asset objects reloaded before import = 0
Number of asset objects unloaded after import = 3
========================================================================
Received Import Request.
  Time since last request: 0.000015 seconds.
  path: Assets/UI button pack 2/Pink/tick-1.png
  artifactKey: Guid(027a7b97f839ed547ac046922c602503) Importer(2089858483,0ecaa5967403d082aa24f35e1b516d23)
Start importing Assets/UI button pack 2/Pink/tick-1.png using Guid(027a7b97f839ed547ac046922c602503) Importer(2089858483,0ecaa5967403d082aa24f35e1b516d23)  -> (artifact id: '1a5cc9edd99ca37a25ac9fd98a6da32c') in 0.022801 seconds
Number of updated asset objects reloaded before import = 0
Number of asset objects unloaded after import = 3
========================================================================
Received Import Request.
  Time since last request: 0.000012 seconds.
  path: Assets/UI button pack 2/Red/add-members-red.png
  artifactKey: Guid(96b8178db64c74143aa796c1a9a831d7) Importer(2089858483,0ecaa5967403d082aa24f35e1b516d23)
Start importing Assets/UI button pack 2/Red/add-members-red.png using Guid(96b8178db64c74143aa796c1a9a831d7) Importer(2089858483,0ecaa5967403d082aa24f35e1b516d23)  -> (artifact id: 'afc44e25b0978c7a08fbbcc476a3f50b') in 0.023269 seconds
Number of updated asset objects reloaded before import = 0
Number of asset objects unloaded after import = 3
========================================================================
Received Import Request.
  Time since last request: 0.000017 seconds.
  path: Assets/UI button pack 2/Red/REDEEM-RED.png
  artifactKey: Guid(dc9d8a8b3260edf4d87b3452c1e35b6d) Importer(2089858483,0ecaa5967403d082aa24f35e1b516d23)
Start importing Assets/UI button pack 2/Red/REDEEM-RED.png using Guid(dc9d8a8b3260edf4d87b3452c1e35b6d) Importer(2089858483,0ecaa5967403d082aa24f35e1b516d23)  -> (artifact id: '79490fcfba28d317698744dcdc29bf08') in 0.023716 seconds
Number of updated asset objects reloaded before import = 0
Number of asset objects unloaded after import = 3
========================================================================
Received Import Request.
  Time since last request: 0.000016 seconds.
  path: Assets/UI button pack 2/Voilet/low-purple.png
  artifactKey: Guid(e4b56ccf332b62e4d93083f8c3ed6fc0) Importer(2089858483,0ecaa5967403d082aa24f35e1b516d23)
Start importing Assets/UI button pack 2/Voilet/low-purple.png using Guid(e4b56ccf332b62e4d93083f8c3ed6fc0) Importer(2089858483,0ecaa5967403d082aa24f35e1b516d23)  -> (artifact id: '1a722a460485b37763a1bcf3d4c455b1') in 0.022618 seconds
Number of updated asset objects reloaded before import = 0
Number of asset objects unloaded after import = 3
========================================================================
Received Import Request.
  Time since last request: 0.000012 seconds.
  path: Assets/UI button pack 2/Voilet/location-10.png
  artifactKey: Guid(7598f5c9066ac2841bc36d0a454fa968) Importer(2089858483,0ecaa5967403d082aa24f35e1b516d23)
Start importing Assets/UI button pack 2/Voilet/location-10.png using Guid(7598f5c9066ac2841bc36d0a454fa968) Importer(2089858483,0ecaa5967403d082aa24f35e1b516d23)  -> (artifact id: 'dc8b52f4c3fc1007aa85ad3bc090e4e9') in 0.020916 seconds
Number of updated asset objects reloaded before import = 0
Number of asset objects unloaded after import = 3
========================================================================
Received Import Request.
  Time since last request: 0.000013 seconds.
  path: Assets/UI button pack 2/Voilet/IDEA-PURPLE.png
  artifactKey: Guid(c8bb550707317834db4a707b82a13ada) Importer(2089858483,0ecaa5967403d082aa24f35e1b516d23)
Start importing Assets/UI button pack 2/Voilet/IDEA-PURPLE.png using Guid(c8bb550707317834db4a707b82a13ada) Importer(2089858483,0ecaa5967403d082aa24f35e1b516d23)  -> (artifact id: 'c98be7ef206932c3dc3a3099b9e7061c') in 0.024037 seconds
Number of updated asset objects reloaded before import = 0
Number of asset objects unloaded after import = 3
========================================================================
Received Import Request.
  Time since last request: 0.000012 seconds.
  path: Assets/UI button pack 2/Voilet/line-11.png
  artifactKey: Guid(0cecfba5fc2071b4fbfeedb3fbd266d8) Importer(2089858483,0ecaa5967403d082aa24f35e1b516d23)
Start importing Assets/UI button pack 2/Voilet/line-11.png using Guid(0cecfba5fc2071b4fbfeedb3fbd266d8) Importer(2089858483,0ecaa5967403d082aa24f35e1b516d23)  -> (artifact id: 'b64238d2d46cd191f0062e631dcd3ddb') in 0.023491 seconds
Number of updated asset objects reloaded before import = 0
Number of asset objects unloaded after import = 3
========================================================================
Received Import Request.
  Time since last request: 0.000015 seconds.
  path: Assets/UI button pack 2/Voilet/end-purple.png
  artifactKey: Guid(9a7e33b2e913db44095e00b064871ce3) Importer(2089858483,0ecaa5967403d082aa24f35e1b516d23)
Start importing Assets/UI button pack 2/Voilet/end-purple.png using Guid(9a7e33b2e913db44095e00b064871ce3) Importer(2089858483,0ecaa5967403d082aa24f35e1b516d23)  -> (artifact id: 'd261316e1f18f61d4669c1fb4f198b70') in 0.020128 seconds
Number of updated asset objects reloaded before import = 0
Number of asset objects unloaded after import = 3
========================================================================
Received Import Request.
  Time since last request: 0.000012 seconds.
  path: Assets/UI button pack 2/Voilet/right-edge-purple.png
  artifactKey: Guid(5b80e932affa2dc4e962de2befc22ffc) Importer(2089858483,0ecaa5967403d082aa24f35e1b516d23)
Start importing Assets/UI button pack 2/Voilet/right-edge-purple.png using Guid(5b80e932affa2dc4e962de2befc22ffc) Importer(2089858483,0ecaa5967403d082aa24f35e1b516d23)  -> (artifact id: '6e7b31c2f57a80cb7769d7488c09c09b') in 0.023621 seconds
Number of updated asset objects reloaded before import = 0
Number of asset objects unloaded after import = 3
========================================================================
Received Import Request.
  Time since last request: 0.000012 seconds.
  path: Assets/UI button pack 2/Voilet/forward-purple.png
  artifactKey: Guid(c75247d26f9e76149bcaf2a10d6fd05c) Importer(2089858483,0ecaa5967403d082aa24f35e1b516d23)
Start importing Assets/UI button pack 2/Voilet/forward-purple.png using Guid(c75247d26f9e76149bcaf2a10d6fd05c) Importer(2089858483,0ecaa5967403d082aa24f35e1b516d23)  -> (artifact id: '0dc556675dba215454f17eae36783936') in 0.022245 seconds
Number of updated asset objects reloaded before import = 0
Number of asset objects unloaded after import = 3
========================================================================
Received Import Request.
  Time since last request: 0.000012 seconds.
  path: Assets/UI button pack 2/Voilet/music-off-purple.png
  artifactKey: Guid(de560418d19257f4fa486d35a537807c) Importer(2089858483,0ecaa5967403d082aa24f35e1b516d23)
Start importing Assets/UI button pack 2/Voilet/music-off-purple.png using Guid(de560418d19257f4fa486d35a537807c) Importer(2089858483,0ecaa5967403d082aa24f35e1b516d23)  -> (artifact id: '8b4b937c8b3c38dcf06c610b7878f340') in 0.021459 seconds
Number of updated asset objects reloaded before import = 0
Number of asset objects unloaded after import = 3
========================================================================
Received Import Request.
  Time since last request: 0.000011 seconds.
  path: Assets/UI button pack 2/Pink/MISSION-1.png
  artifactKey: Guid(9b4f0bf0ecc5395448f397762efa34ce) Importer(2089858483,0ecaa5967403d082aa24f35e1b516d23)
Start importing Assets/UI button pack 2/Pink/MISSION-1.png using Guid(9b4f0bf0ecc5395448f397762efa34ce) Importer(2089858483,0ecaa5967403d082aa24f35e1b516d23)  -> (artifact id: '24d3b573d5bce8001a7dffb49572fa2b') in 0.022540 seconds
Number of updated asset objects reloaded before import = 0
Number of asset objects unloaded after import = 3
========================================================================
Received Import Request.
  Time since last request: 0.000019 seconds.
  path: Assets/UI button pack 2/Orange/Music-off-orange.png
  artifactKey: Guid(4ee376cbc5d1b2d48a931ba4da92e835) Importer(2089858483,0ecaa5967403d082aa24f35e1b516d23)
Start importing Assets/UI button pack 2/Orange/Music-off-orange.png using Guid(4ee376cbc5d1b2d48a931ba4da92e835) Importer(2089858483,0ecaa5967403d082aa24f35e1b516d23)  -> (artifact id: 'a0ec856f7ca3dc2971473d5128756f88') in 0.021726 seconds
Number of updated asset objects reloaded before import = 0
Number of asset objects unloaded after import = 3
========================================================================
Received Import Request.
  Time since last request: 0.000016 seconds.
  path: Assets/UI button pack 2/Purple/empty-heart-pink.png
  artifactKey: Guid(255a7f5573935e840bbcfb08c3e3e200) Importer(2089858483,0ecaa5967403d082aa24f35e1b516d23)
Start importing Assets/UI button pack 2/Purple/empty-heart-pink.png using Guid(255a7f5573935e840bbcfb08c3e3e200) Importer(2089858483,0ecaa5967403d082aa24f35e1b516d23)  -> (artifact id: 'b177e12c40c99e5ed748edfa7095ddbf') in 0.021900 seconds
Number of updated asset objects reloaded before import = 0
Number of asset objects unloaded after import = 3
========================================================================
Received Import Request.
  Time since last request: 0.000010 seconds.
  path: Assets/UI button pack 2/Red/remove-add-red.png
  artifactKey: Guid(b719cfaa886fb3c4596c2b4133c54004) Importer(2089858483,0ecaa5967403d082aa24f35e1b516d23)
Start importing Assets/UI button pack 2/Red/remove-add-red.png using Guid(b719cfaa886fb3c4596c2b4133c54004) Importer(2089858483,0ecaa5967403d082aa24f35e1b516d23)  -> (artifact id: '40a502bda5d44b2289dd8a286bcec6a4') in 0.021410 seconds
Number of updated asset objects reloaded before import = 0
Number of asset objects unloaded after import = 3
========================================================================
Received Import Request.
  Time since last request: 0.000010 seconds.
  path: Assets/UI button pack 2/Orange/Pause-o.png
  artifactKey: Guid(7c4cb14de7003d040826cc9911e5aeb0) Importer(2089858483,0ecaa5967403d082aa24f35e1b516d23)
Start importing Assets/UI button pack 2/Orange/Pause-o.png using Guid(7c4cb14de7003d040826cc9911e5aeb0) Importer(2089858483,0ecaa5967403d082aa24f35e1b516d23)  -> (artifact id: 'dc3d111bf3e8aac65f97b04dfc4328ed') in 0.021718 seconds
Number of updated asset objects reloaded before import = 0
Number of asset objects unloaded after import = 3
Editor requested this worker to shutdown with reason: Scaling down because of idle timeout
TcpMessagingSession - receive error
AssetImportWorkerClient::OnTransportError - code=2 error=End of file
AssetImportWorker is now disconnected from the server
Process exiting
Exiting without the bug reporter. Application will terminate with return code 0