
=== Fri Jun 14 13:35:19 2024

Packages were changed.
Update Mode: mergeDefaultDependencies

The following packages were added:
  com.unity.collab-proxy@1.17.6
  com.unity.ide.visualstudio@2.0.16
  com.unity.modules.ai@1.0.0
  com.unity.modules.cloth@1.0.0
  com.unity.modules.director@1.0.0
  com.unity.modules.physics2d@1.0.0
  com.unity.modules.terrain@1.0.0
  com.unity.modules.terrainphysics@1.0.0
  com.unity.modules.tilemap@1.0.0
  com.unity.modules.vehicles@1.0.0
  com.unity.modules.vr@1.0.0
  com.unity.modules.wind@1.0.0
  com.unity.modules.xr@1.0.0
  com.unity.timeline@1.4.8
The following packages were updated:
  com.unity.ide.rider from version 1.1.4 to 3.0.16
  com.unity.ide.vscode from version 1.2.3 to 1.2.5
  com.unity.mobile.android-logcat from version 1.2.0 to 1.3.2
  com.unity.mobile.notifications from version 1.0.3 to 2.1.0
  com.unity.test-framework from version 1.1.20 to 1.1.33
  com.unity.textmeshpro from version 2.1.3 to 3.0.6

=== Wed Jun 19 15:33:46 2024

Packages were changed.
Update Mode: updateDependencies

The following packages were added:
  com.unity.ai.navigation@1.1.5
The following packages were updated:
  com.unity.collab-proxy from version 1.17.6 to 2.3.1
  com.unity.ide.rider from version 3.0.16 to 3.0.28
  com.unity.ide.visualstudio from version 2.0.16 to 2.0.22
  com.unity.mobile.android-logcat from version 1.3.2 to 1.4.0
  com.unity.mobile.notifications from version 2.1.0 to 2.3.2
  com.unity.timeline from version 1.4.8 to 1.7.6
